Log file open, 09/13/14 18:00:02
LogInit:Display: Running engine for game: ThirdPerson5
LogInit: Version: 4.4.2-2289767+++depot+UE4-Releases+4.4
LogInit: API Version: 2255576
LogInit: Compiled (64-bit): Sep  8 2014 15:27:03
LogInit: Build Configuration: Development
LogInit: Branch Name: ++depot+UE4-Releases+4.4
LogInit: Command line:  
LogInit: Base directory: C:/Program Files/Unreal Engine/4.4/Engine/Binaries/Win64/
LogInit: Rocket: 1
[2014.09.13-10.00.02:767][  0]LogTaskGraph: Started task graph with 3 named threads and 4 total threads.
[2014.09.13-10.00.02:799][  0]LogOnline:Warning: No default platform service specified for OnlineSubsystem
[2014.09.13-10.00.02:837][  0]LogInit: Presizing for 0 objects not considered by GC, pre-allocating 0 bytes.
[2014.09.13-10.00.02:842][  0]LogInit: Object subsystem initialized
[2014.09.13-10.00.02:844][  0]LogInit: Selected Device Profile: [Windows]
[2014.09.13-10.00.02:844][  0]LogInit: Applying CVar settings loaded from the selected device profile: [Windows]
[2014.09.13-10.00.02:850][  0]LogInit: Computer: ALIENWAREM14X
[2014.09.13-10.00.02:850][  0]LogInit: User: benjamin
[2014.09.13-10.00.02:853][  0]LogInit: CPU Page size=4096, Cores=4
[2014.09.13-10.00.02:853][  0]LogInit: High frequency timer resolution =2.630625 MHz
[2014.09.13-10.00.02:853][  0]LogMemory: Memory total: Physical=15.7GB (16GB approx) Virtual=131072.0GB
[2014.09.13-10.00.02:854][  0]LogMemory: Platform Memory Stats for Windows
[2014.09.13-10.00.02:854][  0]LogMemory: Process Physical Memory: 59.06 MB used, 59.06 MB peak
[2014.09.13-10.00.02:854][  0]LogMemory: Process Virtual Memory: 38.20 MB used, 38.20 MB peak
[2014.09.13-10.00.02:854][  0]LogMemory: Physical Memory: 4462.10 MB used, 16101.02 MB total
[2014.09.13-10.00.02:854][  0]LogMemory: Virtual Memory: 267.95 MB used, 134217728.00 MB total
[2014.09.13-10.00.03:009][  0]LogD3D11RHI: Found D3D11 adapter 0: Intel(R) HD Graphics 4600 (Feature Level 11_0)
[2014.09.13-10.00.03:009][  0]LogD3D11RHI: Adapter has 32MB of dedicated video memory, 0MB of dedicated system memory, and 1760MB of shared system memory, 1 output[s]
[2014.09.13-10.00.03:025][  0]LogD3D11RHI: Found D3D11 adapter 1: NVIDIA GeForce GTX 765M       (Feature Level 11_0)
[2014.09.13-10.00.03:025][  0]LogD3D11RHI: Adapter has 1985MB of dedicated video memory, 0MB of dedicated system memory, and 2048MB of shared system memory, 0 output[s]
[2014.09.13-10.00.03:027][  0]LogD3D11RHI: Found D3D11 adapter 2: Microsoft Basic Render Driver (Feature Level 11_0)
[2014.09.13-10.00.03:027][  0]LogD3D11RHI: Adapter has 0MB of dedicated video memory, 0MB of dedicated system memory, and 256MB of shared system memory, 0 output[s]
[2014.09.13-10.00.03:027][  0]LogD3D11RHI: Chosen D3D11 Adapter Id = 0
[2014.09.13-10.00.03:031][  0]LogRHI: Texture pool is 1361 MB (70% of 1945 MB)
[2014.09.13-10.00.03:046][  0]LogD3D11RHI: Async texture creation enabled
[2014.09.13-10.00.03:320][  0]LogContentStreaming: Texture pool size is 0.000000MB
[2014.09.13-10.00.05:479][  0]LogTargetPlatformManager:Display: Building Assets For Windows
[2014.09.13-10.00.06:023][  0]LogTargetPlatformManager:Display: Building Assets For Windows
[2014.09.13-10.00.06:084][  0]LogDerivedDataCache:Display: Max Cache Size: 512 MB
[2014.09.13-10.00.06:569][  0]LogDerivedDataCache: Loaded boot cache 0.49s 39MB C:/Users/benjamin/AppData/Local/UnrealEngine/4.4/DerivedDataCache/Boot.ddc.
[2014.09.13-10.00.06:569][  0]LogDerivedDataCache:Display: Loaded Boot cache: C:/Users/benjamin/AppData/Local/UnrealEngine/4.4/DerivedDataCache/Boot.ddc
[2014.09.13-10.00.06:570][  0]LogDerivedDataCache: FDerivedDataBackendGraph:  Pak pak cache file ../../../../../../GitHub/UnrealEngineLearning/ThirdPerson5/DerivedDataCache/DDC.ddp not found, will not use a pak cache.
[2014.09.13-10.00.06:570][  0]LogDerivedDataCache: Unable to find inner node Pak for hierarchical cache Hierarchy.
[2014.09.13-10.00.06:584][  0]LogDerivedDataCache:Display: Pak cache opened for reading ../../../Engine/DerivedDataCache/DDC.ddp.
[2014.09.13-10.00.06:597][  0]LogDerivedDataCache: Using Local data cache path C:/Users/benjamin/AppData/Local/UnrealEngine/4.4/DerivedDataCache: Writable
[2014.09.13-10.00.06:823][  0]LogMeshUtilities: No automatic mesh reduction module available
[2014.09.13-10.00.06:823][  0]LogMeshUtilities: No automatic mesh merging module available
[2014.09.13-10.00.07:288][  0]LogInit: WinSock: version 1.1 (2.2), MaxSocks=32767, MaxUdp=65467
[2014.09.13-10.00.09:174][  0]LogStats:Warning: MetaData mismatch. Did you assign a stat to two groups? New //STATGROUP_Threads//FMonitoredProcess///Thread_2e40_0///////STATCAT_Advanced//// old //STATGROUP_Threads//FMonitoredProcess///Thread_2c54_0///////STATCAT_Advanced////
[2014.09.13-10.00.09:174][  0]UdpMessaging: Initializing bridge on interface 0.0.0.0:0 to multicast group 230.0.0.1:6666.
[2014.09.13-10.00.09:448][  0]SourceControl: Info Source control is disabled
[2014.09.13-10.00.09:448][  0]SourceControl: Info Source control is disabled
[2014.09.13-10.00.09:457][  0]SourceControl: Info Source control is disabled
[2014.09.13-10.00.09:952][  0]BlueprintLog: New page: Editor Load
[2014.09.13-10.00.10:233][  0]LogObj: 21438 objects as part of root set at end of initial load.
[2014.09.13-10.00.10:233][  0]LogUObjectAllocator: 4218656 out of 0 bytes used by permanent object pool.
[2014.09.13-10.00.10:444][  0]LogEngine: Initializing Engine...
[2014.09.13-10.00.10:551][  0]LogInit: XAudio2 using 'Speakers (Realtek High Definition Audio)' : 2 channels at 48 kHz using 32 bits per sample (channel mask 0x3)
[2014.09.13-10.00.10:564][  0]LogInit: FAudioDevice initialized.
[2014.09.13-10.00.10:588][  0]LogAIModule: Creating AISystem for world NewWorld
[2014.09.13-10.00.10:606][  0]LogDerivedDataCache: Saved boot cache 0.02s 39MB C:/Users/benjamin/AppData/Local/UnrealEngine/4.4/DerivedDataCache/Boot.ddc.
[2014.09.13-10.00.10:609][  0]LogInit: Texture streaming: Enabled
[2014.09.13-10.00.10:678][  0]LogInit: Transaction tracking system initialized
[2014.09.13-10.00.11:326][  0]LogAssetRegistry: FAssetRegistry took 0.0108 seconds to start up
[2014.09.13-10.00.12:144][  0]LogTargetPlatformManager:Display: Building Assets For Windows
[2014.09.13-10.00.12:478][  0]LogTargetPlatformManager:Display: Building Assets For Windows
[2014.09.13-10.00.12:899][  0]LogConsoleResponse:Display: 
[2014.09.13-10.00.13:329][  0]LogStats:Warning: MetaData mismatch. Did you assign a stat to two groups? New //STATGROUP_Threads//FMonitoredProcess///Thread_2b1c_0///////STATCAT_Advanced//// old //STATGROUP_Threads//FMonitoredProcess///Thread_2c54_0///////STATCAT_Advanced////
[2014.09.13-10.00.13:329][  0]LogStats:Warning: MetaData mismatch. Did you assign a stat to two groups? New //STATGROUP_Threads//FMonitoredProcess///Thread_15b4_0///////STATCAT_Advanced//// old //STATGROUP_Threads//FMonitoredProcess///Thread_2c54_0///////STATCAT_Advanced////
[2014.09.13-10.00.13:329][  0]SourceControl: Info Source control is disabled
[2014.09.13-10.00.13:329][  0]Cmd: MAP LOAD FILE="../../../../../../GitHub/UnrealEngineLearning/ThirdPerson5/Content/Maps/Minimal_Default.umap" TEMPLATE=0 SHOWPROGRESS=1
[2014.09.13-10.00.13:349][  0]LightingResults: New page: Lighting Build
[2014.09.13-10.00.13:360][  0]MapCheck: New page: Map Check
[2014.09.13-10.00.13:360][  0]LightingResults: New page: Lighting Build
[2014.09.13-10.00.13:370][  0]LogParticles: Destroying 0 GPU particle simulations for FXSystem 0x00000025264F0860
[2014.09.13-10.00.13:885][  0]LogEditorServer: Finished looking for orphan Actors (0.000 secs)
[2014.09.13-10.00.13:885][  0]LogAIModule: Creating AISystem for world Minimal_Default
[2014.09.13-10.00.13:885][  0]Cmd: MAP CHECKDEP
[2014.09.13-10.00.13:885][  0]MapCheck: New page: Minimal_Default - Sep 14, 2014, 2:00:13 AM
[2014.09.13-10.00.14:015][  0]MapCheck: Info ========== Map Check: 0 Error(s), 0 Warning(s), [130.045ms] ==========
[2014.09.13-10.00.14:015][  0]LogFileHelpers: Loading map 'Minimal_Default' took 0.686
[2014.09.13-10.00.14:159][  0]LogCollectionManager: Loaded 0 collections in 0.001778 seconds
[2014.09.13-10.00.14:343][  0]LogCrashTracker: Crashtracker disabled due to settings.
[2014.09.13-10.00.14:401][  0]LogLoad: Full Startup: 14.23 seconds (BP compile: 0.04 seconds)
[2014.09.13-10.00.14:426][  0]LogContentBrowser:Verbose: The content browser source was changed by the sources view to '/Game/Character/Animations'
[2014.09.13-10.00.14:543][  0]LogRenderer:Warning: Reallocating scene render targets to support 1136x888.
[2014.09.13-10.00.14:759][  1]LogAssetRegistry: Asset discovery search completed in 3.4444 seconds
[2014.09.13-10.07.48:607][157]LogContentBrowser:Verbose: The content browser source was changed by the sources view to '/Game/Character'
[2014.09.13-10.08.40:541][429]LogContentBrowser:Verbose: The content browser source was changed by the sources view to '/Game/Character'
[2014.09.13-10.08.45:665][704]Cmd: OBJ SAVEPACKAGE PACKAGE="/Game/Character/NewAnimBlueprint" FILE="../../../../../../GitHub/UnrealEngineLearning/ThirdPerson5/Content/Character/NewAnimBlueprint.uasset" SILENT=true
[2014.09.13-10.08.45:873][704]LogSavePackage: Save=203.871704ms
[2014.09.13-10.08.45:873][704]LogSavePackage: Moving '../../../../../../GitHub/UnrealEngineLearning/ThirdPerson5/Saved/NewAnimBlueprintBBA98329429647AE3E1E11AB1A7449B0.tmp' to '../../../../../../GitHub/UnrealEngineLearning/ThirdPerson5/Content/Character/NewAnimBlueprint.uasset'
[2014.09.13-10.21.52:742][299]LogMetaData: Removing '/Game/Character/CharacterterAnimBP.SKEL_CharacterterAnimBP_C' ref from Metadata '/Game/Character/NewAnimBlueprint.PackageMetaData'
[2014.09.13-10.21.52:742][299]LogMetaData: Removing '/Game/Character/CharacterterAnimBP.CharacterterAnimBP_C' ref from Metadata '/Game/Character/NewAnimBlueprint.PackageMetaData'
[2014.09.13-10.21.52:778][299]Cmd: OBJ SAVEPACKAGE PACKAGE="/Game/Character/CharacterterAnimBP" FILE="../../../../../../GitHub/UnrealEngineLearning/ThirdPerson5/Content/Character/CharacterterAnimBP.uasset" SILENT=true
[2014.09.13-10.21.52:979][299]LogSavePackage: Save=198.588165ms
[2014.09.13-10.21.52:979][299]LogSavePackage: Moving '../../../../../../GitHub/UnrealEngineLearning/ThirdPerson5/Saved/CharacterterAnimBPD8BE9BCE49817BA7D54A19BB566D7B04.tmp' to '../../../../../../GitHub/UnrealEngineLearning/ThirdPerson5/Content/Character/CharacterterAnimBP.uasset'
[2014.09.13-10.22.34:233][691]LogSkeletalMesh: InitArticulated: Bodies already created (/Engine/Transient.DebugSkelMeshComponent_0) - call TermArticulated first.
[2014.09.13-10.22.49:775][316]LogContentBrowser:Verbose: The majority of assets in the view are of type: AnimSequence
[2014.09.13-10.23.03:637][787]LogContentBrowser:Verbose: The majority of assets in the view are of type: AnimSequence
[2014.09.13-10.26.35:757][377]LogContentBrowser:Verbose: The majority of assets in the view are of type: AnimSequence
[2014.09.13-13.37.21:892][901]LogActorComponent: RegisterComponentWithWorld: (/Engine/Transient.DebugSkelMeshComponent_0) Already registered. Aborting.
[2014.09.13-13.43.41:400][594]LogParticles: Destroying 0 GPU particle simulations for FXSystem 0x0000002521B2A8E0
[2014.09.13-13.43.41:401][594]LogParticles: Destroying 0 GPU particle simulations for FXSystem 0x0000002534226FC0
[2014.09.13-13.43.41:401][594]LogParticles: Destroying 0 GPU particle simulations for FXSystem 0x0000002523C88C20
[2014.09.13-13.43.41:436][594]LogParticles: Destroying 0 GPU particle simulations for FXSystem 0x000000252432DD00
[2014.09.13-13.43.41:436][594]LogParticles: Destroying 0 GPU particle simulations for FXSystem 0x0000002534312660
[2014.09.13-13.43.41:774][595]Cmd: QUIT_EDITOR
[2014.09.13-13.43.41:889][595]LogWindowsTextInputMethodSystem:Error: Terminating failed while unadvising the language notification sink from the TSF source.
[2014.09.13-13.43.41:890][595]LogExit: Preparing to exit.
[2014.09.13-13.43.42:468][595]LogExit: Editor shut down
[2014.09.13-13.43.42:469][595]LogExit: Transaction tracking system shut down
[2014.09.13-13.43.42:470][595]LogParticles: Destroying 0 GPU particle simulations for FXSystem 0x000000252AAE02C0
[2014.09.13-13.43.42:494][595]LogParticles: Destroying 0 GPU particle simulations for FXSystem 0x000000252566AA20
[2014.09.13-13.43.42:494][595]LogParticles: Destroying 0 GPU particle simulations for FXSystem 0x0000002525967C40
[2014.09.13-13.43.42:494][595]LogParticles: Destroying 0 GPU particle simulations for FXSystem 0x00000025259677E0
[2014.09.13-13.43.42:494][595]LogExit: Object subsystem successfully closed.
[2014.09.13-13.43.42:568][595]LogModuleManager: Shutting down and abandoning module AndroidDeviceDetection (161)
[2014.09.13-13.43.42:568][595]LogModuleManager: Shutting down and abandoning module HTTP (160)
[2014.09.13-13.43.42:568][595]LogModuleManager: Shutting down and abandoning module CrashTracker (159)
[2014.09.13-13.43.42:568][595]LogModuleManager: Shutting down and abandoning module SuperSearch (158)
[2014.09.13-13.43.42:568][595]LogModuleManager: Shutting down and abandoning module SceneOutliner (157)
[2014.09.13-13.43.42:568][595]LogModuleManager: Shutting down and abandoning module EditorWidgets (156)
[2014.09.13-13.43.42:568][595]LogModuleManager: Shutting down and abandoning module CollectionManager (155)
[2014.09.13-13.43.42:568][595]LogModuleManager: Shutting down and abandoning module StatsViewer (154)
[2014.09.13-13.43.42:568][595]LogModuleManager: Shutting down and abandoning module FoliageEdit (153)
[2014.09.13-13.43.42:568][595]LogModuleManager: Shutting down and abandoning module LandscapeEditor (152)
[2014.09.13-13.43.42:568][595]LogModuleManager: Shutting down and abandoning module MeshPaint (151)
[2014.09.13-13.43.42:568][595]LogModuleManager: Shutting down and abandoning module ActorPickerMode (150)
[2014.09.13-13.43.42:568][595]LogModuleManager: Shutting down and abandoning module GeometryMode (149)
[2014.09.13-13.43.42:568][595]LogModuleManager: Shutting down and abandoning module TextureAlignMode (148)
[2014.09.13-13.43.42:568][595]LogModuleManager: Shutting down and abandoning module BspMode (147)
[2014.09.13-13.43.42:568][595]LogModuleManager: Shutting down and abandoning module PlacementMode (146)
[2014.09.13-13.43.42:568][595]LogModuleManager: Shutting down and abandoning module DesktopPlatform (145)
[2014.09.13-13.43.42:568][595]LogModuleManager: Shutting down and abandoning module AutomationWorker (144)
[2014.09.13-13.43.42:568][595]LogModuleManager: Shutting down and abandoning module EditorLiveStreaming (143)
[2014.09.13-13.43.42:568][595]LogModuleManager: Shutting down and abandoning module BehaviorTreeEditor (142)
[2014.09.13-13.43.42:568][595]LogModuleManager: Shutting down and abandoning module DeviceProfileEditor (141)
[2014.09.13-13.43.42:568][595]LogModuleManager: Shutting down and abandoning module UndoHistory (140)
[2014.09.13-13.43.42:568][595]LogModuleManager: Shutting down and abandoning module GameplayTagsEditor (139)
[2014.09.13-13.43.42:568][595]LogModuleManager: Shutting down and abandoning module UserFeedback (138)
[2014.09.13-13.43.42:568][595]LogModuleManager: Shutting down and abandoning module XmlParser (137)
[2014.09.13-13.43.42:568][595]LogModuleManager: Shutting down and abandoning module Blutility (136)
[2014.09.13-13.43.42:568][595]LogModuleManager: Shutting down and abandoning module IOSPlatformEditor (135)
[2014.09.13-13.43.42:568][595]LogModuleManager: Shutting down and abandoning module IOSRuntimeSettings (134)
[2014.09.13-13.43.42:568][595]LogModuleManager: Shutting down and abandoning module AndroidPlatformEditor (133)
[2014.09.13-13.43.42:568][595]LogModuleManager: Shutting down and abandoning module AndroidRuntimeSettings (132)
[2014.09.13-13.43.42:568][595]LogModuleManager: Shutting down and abandoning module ProjectTargetPlatformEditor (131)
[2014.09.13-13.43.42:568][595]LogModuleManager: Shutting down and abandoning module ProjectSettingsViewer (130)
[2014.09.13-13.43.42:568][595]LogModuleManager: Shutting down and abandoning module InputBindingEditor (129)
[2014.09.13-13.43.42:568][595]LogModuleManager: Shutting down and abandoning module EditorSettingsViewer (128)
[2014.09.13-13.43.42:568][595]LogModuleManager: Shutting down and abandoning module SettingsEditor (127)
[2014.09.13-13.43.42:568][595]LogModuleManager: Shutting down and abandoning module SessionLauncher (126)
[2014.09.13-13.43.42:569][595]LogModuleManager: Shutting down and abandoning module SessionFrontend (125)
[2014.09.13-13.43.42:569][595]LogModuleManager: Shutting down and abandoning module ProfilerClient (124)
[2014.09.13-13.43.42:569][595]LogModuleManager: Shutting down and abandoning module TargetDeviceServices (123)
[2014.09.13-13.43.42:569][595]LogModuleManager: Shutting down and abandoning module DeviceManager (122)
[2014.09.13-13.43.42:569][595]LogModuleManager: Shutting down and abandoning module AutomationController (121)
[2014.09.13-13.43.42:569][595]LogModuleManager: Shutting down and abandoning module AutomationWindow (120)
[2014.09.13-13.43.42:569][595]LogModuleManager: Shutting down and abandoning module Layers (119)
[2014.09.13-13.43.42:569][595]LogModuleManager: Shutting down and abandoning module ComponentVisualizers (118)
[2014.09.13-13.43.42:569][595]LogModuleManager: Shutting down and abandoning module DetailCustomizations (117)
[2014.09.13-13.43.42:569][595]LogModuleManager: Shutting down and abandoning module PackagesDialog (116)
[2014.09.13-13.43.42:569][595]LogModuleManager: Shutting down and abandoning module DirectoryWatcher (115)
[2014.09.13-13.43.42:570][595]LogModuleManager: Shutting down and abandoning module AssetRegistry (114)
[2014.09.13-13.43.42:661][595]LogModuleManager: Shutting down and abandoning module Persona (113)
[2014.09.13-13.43.42:661][595]LogModuleManager: Shutting down and abandoning module GraphEditor (112)
[2014.09.13-13.43.42:662][595]LogModuleManager: Shutting down and abandoning module ClassViewer (111)
[2014.09.13-13.43.42:662][595]LogModuleManager: Shutting down and abandoning module Toolbox (110)
[2014.09.13-13.43.42:662][595]LogModuleManager: Shutting down and abandoning module ModuleUI (109)
[2014.09.13-13.43.42:662][595]LogModuleManager: Shutting down and abandoning module Sequencer (108)
[2014.09.13-13.43.42:662][595]LogModuleManager: Shutting down and abandoning module MovieSceneTools (107)
[2014.09.13-13.43.42:662][595]LogModuleManager: Shutting down and abandoning module OutputLog (106)
[2014.09.13-13.43.42:662][595]LogModuleManager: Shutting down and abandoning module GammaUI (105)
[2014.09.13-13.43.42:662][595]LogModuleManager: Shutting down and abandoning module Documentation (104)
[2014.09.13-13.43.42:662][595]LogModuleManager: Shutting down and abandoning module GameLiveStreaming (103)
[2014.09.13-13.43.42:662][595]LogModuleManager: Shutting down and abandoning module StreamingPauseRendering (102)
[2014.09.13-13.43.42:662][595]LogModuleManager: Shutting down and abandoning module AnalyticsET (101)
[2014.09.13-13.43.42:662][595]LogModuleManager: Shutting down and abandoning module Analytics (100)
[2014.09.13-13.43.42:662][595]LogModuleManager: Shutting down and abandoning module GameplayDebugger (99)
[2014.09.13-13.43.42:662][595]LogModuleManager: Shutting down and abandoning module AIModule (98)
[2014.09.13-13.43.42:662][595]LogModuleManager: Shutting down and abandoning module ProfilerService (97)
[2014.09.13-13.43.42:831][595]LogModuleManager: Shutting down and abandoning module TaskGraph (96)
[2014.09.13-13.43.42:831][595]LogModuleManager: Shutting down and abandoning module SlateRemote (95)
[2014.09.13-13.43.42:831][595]LogModuleManager: Shutting down and abandoning module ScriptEditorPlugin (94)
[2014.09.13-13.43.42:831][595]LogModuleManager: Shutting down and abandoning module CustomMeshComponent (93)
[2014.09.13-13.43.42:831][595]LogModuleManager: Shutting down and abandoning module CableComponent (92)
[2014.09.13-13.43.42:831][595]LogModuleManager: Shutting down and abandoning module MessagingDebugger (91)
[2014.09.13-13.43.42:831][595]LogModuleManager: Shutting down and abandoning module ViewportSnapping (90)
[2014.09.13-13.43.42:831][595]LogModuleManager: Shutting down and abandoning module SmartSnapping (89)
[2014.09.13-13.43.42:831][595]LogModuleManager: Shutting down and abandoning module PaperTiledImporter (88)
[2014.09.13-13.43.42:831][595]LogModuleManager: Shutting down and abandoning module PaperJsonImporter (87)
[2014.09.13-13.43.42:831][595]LogModuleManager: Shutting down and abandoning module GameProjectGeneration (86)
[2014.09.13-13.43.42:831][595]LogModuleManager: Shutting down and abandoning module Matinee (85)
[2014.09.13-13.43.42:831][595]LogModuleManager: Shutting down and abandoning module Kismet (84)
[2014.09.13-13.43.42:831][595]LogModuleManager: Shutting down and abandoning module SlateReflector (83)
[2014.09.13-13.43.42:831][595]LogModuleManager: Shutting down and abandoning module LevelEditor (82)
[2014.09.13-13.43.42:832][595]LogModuleManager: Shutting down and abandoning module IntroTutorials (81)
[2014.09.13-13.43.42:832][595]LogModuleManager: Shutting down and abandoning module ContentBrowser (80)
[2014.09.13-13.43.42:832][595]LogModuleManager: Shutting down and abandoning module PropertyEditor (79)
[2014.09.13-13.43.42:832][595]LogModuleManager: Shutting down and abandoning module AssetTools (78)
[2014.09.13-13.43.42:832][595]LogModuleManager: Shutting down and abandoning module Paper2DEditor (77)
[2014.09.13-13.43.42:832][595]LogModuleManager: Shutting down and abandoning module SpeedTreeImporter (76)
[2014.09.13-13.43.42:832][595]LogModuleManager: Shutting down and abandoning module PluginsEditor (75)
[2014.09.13-13.43.42:833][595]LogModuleManager: Shutting down and abandoning module MainFrame (74)
[2014.09.13-13.43.42:833][595]LogModuleManager: Shutting down and abandoning module EpicSurvey (73)
[2014.09.13-13.43.42:833][595]LogModuleManager: Shutting down and abandoning module VisualStudioSourceCodeAccess (72)
[2014.09.13-13.43.42:833][595]LogModuleManager: Shutting down and abandoning module UObjectPlugin (71)
[2014.09.13-13.43.42:833][595]LogModuleManager: Shutting down and abandoning module SubversionSourceControl (70)
[2014.09.13-13.43.42:833][595]LogModuleManager: Shutting down and abandoning module SourceControl (69)
[2014.09.13-13.43.42:833][595]LogModuleManager: Shutting down and abandoning module PerforceSourceControl (68)
[2014.09.13-13.43.42:833][595]LogModuleManager: Shutting down and abandoning module BlankPlugin (67)
[2014.09.13-13.43.42:833][595]LogModuleManager: Shutting down and abandoning module ScriptPlugin (66)
[2014.09.13-13.43.42:833][595]LogModuleManager: Shutting down and abandoning module UdpMessaging (65)
[2014.09.13-13.43.42:934][595]LogModuleManager: Shutting down and abandoning module Paper2D (64)
[2014.09.13-13.43.42:934][595]LogModuleManager: Shutting down and abandoning module WindowsMoviePlayer (63)
[2014.09.13-13.43.42:939][595]LogModuleManager: Shutting down and abandoning module ImageWrapper (62)
[2014.09.13-13.43.42:939][595]LogModuleManager: Shutting down and abandoning module OnlineBlueprintSupport (61)
[2014.09.13-13.43.42:939][595]LogModuleManager: Shutting down and abandoning module FunctionalTesting (60)
[2014.09.13-13.43.42:939][595]LogModuleManager: Shutting down and abandoning module CollisionAnalyzer (59)
[2014.09.13-13.43.42:939][595]LogModuleManager: Shutting down and abandoning module WorkspaceMenuStructure (58)
[2014.09.13-13.43.42:939][595]LogModuleManager: Shutting down and abandoning module MessageLog (57)
[2014.09.13-13.43.42:939][595]LogModuleManager: Shutting down and abandoning module UMGEditor (56)
[2014.09.13-13.43.42:939][595]LogModuleManager: Shutting down and abandoning module UMG (55)
[2014.09.13-13.43.42:939][595]LogModuleManager: Shutting down and abandoning module Slate (54)
[2014.09.13-13.43.42:939][595]LogModuleManager: Shutting down and abandoning module EditorStyle (53)
[2014.09.13-13.43.42:940][595]LogModuleManager: Shutting down and abandoning module SessionServices (52)
[2014.09.13-13.43.42:940][595]LogModuleManager: Shutting down and abandoning module SourceCodeAccess (51)
[2014.09.13-13.43.42:940][595]LogModuleManager: Shutting down and abandoning module HeadMountedDisplay (50)
[2014.09.13-13.43.42:940][595]LogModuleManager: Shutting down and abandoning module XAudio2 (49)
[2014.09.13-13.43.42:940][595]LogModuleManager: Shutting down and abandoning module Networking (47)
[2014.09.13-13.43.42:940][595]LogModuleManager: Shutting down and abandoning module Core (46)
[2014.09.13-13.43.42:940][595]LogModuleManager: Shutting down and abandoning module KismetCompiler (45)
[2014.09.13-13.43.42:940][595]LogModuleManager: Shutting down and abandoning module PhysXFormats (44)
[2014.09.13-13.43.42:940][595]LogModuleManager: Shutting down and abandoning module MeshUtilities (43)
[2014.09.13-13.43.42:940][595]LogModuleManager: Shutting down and abandoning module DerivedDataCache (42)
[2014.09.13-13.43.43:006][595]LogDerivedDataCache: Shutdown
[2014.09.13-13.43.43:006][595]LogModuleManager: Shutting down and abandoning module ShaderFormatOpenGL (41)
[2014.09.13-13.43.43:006][595]LogModuleManager: Shutting down and abandoning module ShaderFormatD3D (40)
[2014.09.13-13.43.43:006][595]LogModuleManager: Shutting down and abandoning module MetalShaderFormat (39)
[2014.09.13-13.43.43:006][595]LogModuleManager: Shutting down and abandoning module TextureFormatUncompressed (38)
[2014.09.13-13.43.43:006][595]LogModuleManager: Shutting down and abandoning module TextureFormatPVR (37)
[2014.09.13-13.43.43:006][595]LogModuleManager: Shutting down and abandoning module TextureFormatDXT (36)
[2014.09.13-13.43.43:006][595]LogModuleManager: Shutting down and abandoning module TextureFormatAndroid (35)
[2014.09.13-13.43.43:006][595]LogModuleManager: Shutting down and abandoning module AudioFormatOpus (34)
[2014.09.13-13.43.43:006][595]LogModuleManager: Shutting down and abandoning module AudioFormatOgg (33)
[2014.09.13-13.43.43:006][595]LogModuleManager: Shutting down and abandoning module AudioFormatADPCM (32)
[2014.09.13-13.43.43:006][595]LogModuleManager: Shutting down and abandoning module Messaging (31)
[2014.09.13-13.43.43:006][595]LogModuleManager: Shutting down and abandoning module IOSTargetPlatform (30)
[2014.09.13-13.43.43:006][595]LogModuleManager: Shutting down and abandoning module Android_PVRTCTargetPlatform (29)
[2014.09.13-13.43.43:006][595]LogModuleManager: Shutting down and abandoning module Android_ETC2TargetPlatform (28)
[2014.09.13-13.43.43:006][595]LogModuleManager: Shutting down and abandoning module Android_ETC1TargetPlatform (27)
[2014.09.13-13.43.43:006][595]LogModuleManager: Shutting down and abandoning module Android_DXTTargetPlatform (26)
[2014.09.13-13.43.43:006][595]LogModuleManager: Shutting down and abandoning module Android_ATCTargetPlatform (25)
[2014.09.13-13.43.43:006][595]LogModuleManager: Shutting down and abandoning module AndroidTargetPlatform (24)
[2014.09.13-13.43.43:006][595]LogModuleManager: Shutting down and abandoning module WindowsTargetPlatform (23)
[2014.09.13-13.43.43:006][595]LogModuleManager: Shutting down and abandoning module WindowsServerTargetPlatform (22)
[2014.09.13-13.43.43:006][595]LogModuleManager: Shutting down and abandoning module WindowsNoEditorTargetPlatform (21)
[2014.09.13-13.43.43:006][595]LogModuleManager: Shutting down and abandoning module WindowsClientTargetPlatform (20)
[2014.09.13-13.43.43:006][595]LogModuleManager: Shutting down and abandoning module TargetPlatform (19)
[2014.09.13-13.43.43:006][595]LogModuleManager: Shutting down and abandoning module InputCore (18)
[2014.09.13-13.43.43:006][595]LogModuleManager: Shutting down and abandoning module Settings (17)
[2014.09.13-13.43.43:006][595]LogModuleManager: Shutting down and abandoning module ExampleDeviceProfileSelector (14)
[2014.09.13-13.43.43:006][595]LogModuleManager: Shutting down and abandoning module OculusRift (13)
[2014.09.13-13.43.43:006][595]LogModuleManager: Shutting down and abandoning module TextureCompressor (12)
[2014.09.13-13.43.43:006][595]LogModuleManager: Shutting down and abandoning module ShaderCore (11)
[2014.09.13-13.43.43:006][595]LogModuleManager: Shutting down and abandoning module OpenGLDrv (10)
[2014.09.13-13.43.43:006][595]LogModuleManager: Shutting down and abandoning module D3D11RHI (9)
[2014.09.13-13.43.43:006][595]LogModuleManager: Shutting down and abandoning module SlateRHIRenderer (8)
[2014.09.13-13.43.43:006][595]LogModuleManager: Shutting down and abandoning module Renderer (7)
[2014.09.13-13.43.43:006][595]LogModuleManager: Shutting down and abandoning module Engine (6)
[2014.09.13-13.43.43:006][595]LogModuleManager: Shutting down and abandoning module CoreUObject (5)
[2014.09.13-13.43.43:006][595]LogModuleManager: Shutting down and abandoning module NetworkFile (4)
[2014.09.13-13.43.43:006][595]LogModuleManager: Shutting down and abandoning module StreamingFile (3)
[2014.09.13-13.43.43:006][595]LogModuleManager: Shutting down and abandoning module SandboxFile (2)
[2014.09.13-13.43.43:006][595]LogModuleManager: Shutting down and abandoning module PakFile (1)
[2014.09.13-13.43.43:007][595]LogExit: Exiting.
[2014.09.13-13.43.43:010][595]Log file closed, 09/13/14 21:43:43
