Log file open, 09/19/14 23:04:29
LogInit:Display: Running engine for game: ThirdPerson5
LogInit: Version: 4.4.3-2296771+++depot+UE4-Releases+4.4
LogInit: API Version: 2255576
LogInit: Compiled (64-bit): Sep 13 2014 22:30:58
LogInit: Build Configuration: Development
LogInit: Branch Name: ++depot+UE4-Releases+4.4
LogInit: Command line:  
LogInit: Base directory: C:/Program Files/Unreal Engine/4.4/Engine/Binaries/Win64/
LogInit: Rocket: 1
[2014.09.19-15.04.29:456][  0]LogTaskGraph: Started task graph with 3 named threads and 4 total threads.
[2014.09.19-15.04.29:491][  0]LogOnline:Warning: No default platform service specified for OnlineSubsystem
[2014.09.19-15.04.29:552][  0]LogInit: Presizing for 0 objects not considered by GC, pre-allocating 0 bytes.
[2014.09.19-15.04.29:558][  0]LogInit: Object subsystem initialized
[2014.09.19-15.04.29:560][  0]LogInit: Selected Device Profile: [Windows]
[2014.09.19-15.04.29:560][  0]LogInit: Applying CVar settings loaded from the selected device profile: [Windows]
[2014.09.19-15.04.29:568][  0]LogInit: Computer: ALIENWAREM14X
[2014.09.19-15.04.29:568][  0]LogInit: User: benjamin
[2014.09.19-15.04.29:570][  0]LogInit: CPU Page size=4096, Cores=4
[2014.09.19-15.04.29:570][  0]LogInit: High frequency timer resolution =2.630623 MHz
[2014.09.19-15.04.29:570][  0]LogMemory: Memory total: Physical=15.7GB (16GB approx) Virtual=131072.0GB
[2014.09.19-15.04.29:570][  0]LogMemory: Platform Memory Stats for Windows
[2014.09.19-15.04.29:570][  0]LogMemory: Process Physical Memory: 59.23 MB used, 59.23 MB peak
[2014.09.19-15.04.29:570][  0]LogMemory: Process Virtual Memory: 38.32 MB used, 38.32 MB peak
[2014.09.19-15.04.29:570][  0]LogMemory: Physical Memory: 9260.95 MB used, 16101.02 MB total
[2014.09.19-15.04.29:570][  0]LogMemory: Virtual Memory: 276.91 MB used, 134217728.00 MB total
[2014.09.19-15.04.29:627][  0]LogD3D11RHI: Found D3D11 adapter 0: Intel(R) HD Graphics 4600 (Feature Level 11_0)
[2014.09.19-15.04.29:627][  0]LogD3D11RHI: Adapter has 32MB of dedicated video memory, 0MB of dedicated system memory, and 1760MB of shared system memory, 1 output[s]
[2014.09.19-15.04.29:646][  0]LogD3D11RHI: Found D3D11 adapter 1: NVIDIA GeForce GTX 765M       (Feature Level 11_0)
[2014.09.19-15.04.29:646][  0]LogD3D11RHI: Adapter has 1985MB of dedicated video memory, 0MB of dedicated system memory, and 2048MB of shared system memory, 0 output[s]
[2014.09.19-15.04.29:648][  0]LogD3D11RHI: Found D3D11 adapter 2: Microsoft Basic Render Driver (Feature Level 11_0)
[2014.09.19-15.04.29:648][  0]LogD3D11RHI: Adapter has 0MB of dedicated video memory, 0MB of dedicated system memory, and 256MB of shared system memory, 0 output[s]
[2014.09.19-15.04.29:648][  0]LogD3D11RHI: Chosen D3D11 Adapter Id = 0
[2014.09.19-15.04.29:656][  0]LogRHI: Texture pool is 1361 MB (70% of 1945 MB)
[2014.09.19-15.04.29:675][  0]LogD3D11RHI: Async texture creation enabled
[2014.09.19-15.04.29:970][  0]LogContentStreaming: Texture pool size is 0.000000MB
[2014.09.19-15.04.32:302][  0]LogTargetPlatformManager:Display: Building Assets For Windows
[2014.09.19-15.04.33:095][  0]LogTargetPlatformManager:Display: Building Assets For Windows
[2014.09.19-15.04.33:176][  0]LogDerivedDataCache:Display: Max Cache Size: 512 MB
[2014.09.19-15.04.33:564][  0]LogDerivedDataCache: Loaded boot cache 0.36s 39MB C:/Users/benjamin/AppData/Local/UnrealEngine/4.4/DerivedDataCache/Boot.ddc.
[2014.09.19-15.04.33:564][  0]LogDerivedDataCache:Display: Loaded Boot cache: C:/Users/benjamin/AppData/Local/UnrealEngine/4.4/DerivedDataCache/Boot.ddc
[2014.09.19-15.04.33:564][  0]LogDerivedDataCache: FDerivedDataBackendGraph:  Pak pak cache file ../../../../../../GitHub/UnrealEngineLearning/ThirdPerson5/DerivedDataCache/DDC.ddp not found, will not use a pak cache.
[2014.09.19-15.04.33:564][  0]LogDerivedDataCache: Unable to find inner node Pak for hierarchical cache Hierarchy.
[2014.09.19-15.04.33:582][  0]LogDerivedDataCache:Display: Pak cache opened for reading ../../../Engine/DerivedDataCache/DDC.ddp.
[2014.09.19-15.04.33:595][  0]LogDerivedDataCache: Using Local data cache path C:/Users/benjamin/AppData/Local/UnrealEngine/4.4/DerivedDataCache: Writable
[2014.09.19-15.04.35:109][  0]LogMeshUtilities: No automatic mesh reduction module available
[2014.09.19-15.04.35:109][  0]LogMeshUtilities: No automatic mesh merging module available
[2014.09.19-15.04.35:729][  0]LogInit: WinSock: version 1.1 (2.2), MaxSocks=32767, MaxUdp=65467
[2014.09.19-15.04.37:759][  0]LogStats:Warning: MetaData mismatch. Did you assign a stat to two groups? New //STATGROUP_Threads//FMonitoredProcess///Thread_198c_0///////STATCAT_Advanced//// old //STATGROUP_Threads//FMonitoredProcess///Thread_3640_0///////STATCAT_Advanced////
[2014.09.19-15.04.37:759][  0]UdpMessaging: Initializing bridge on interface 0.0.0.0:0 to multicast group 230.0.0.1:6666.
[2014.09.19-15.04.38:107][  0]SourceControl: Info Source control is disabled
[2014.09.19-15.04.38:107][  0]SourceControl: Info Source control is disabled
[2014.09.19-15.04.38:119][  0]SourceControl: Info Source control is disabled
[2014.09.19-15.04.38:871][  0]BlueprintLog: New page: Editor Load
[2014.09.19-15.04.39:281][  0]LogObj: 21438 objects as part of root set at end of initial load.
[2014.09.19-15.04.39:281][  0]LogUObjectAllocator: 4218656 out of 0 bytes used by permanent object pool.
[2014.09.19-15.04.39:520][  0]LogEngine: Initializing Engine...
[2014.09.19-15.04.39:656][  0]LogInit: XAudio2 using 'Speakers (Realtek High Definition Audio)' : 2 channels at 48 kHz using 32 bits per sample (channel mask 0x3)
[2014.09.19-15.04.39:683][  0]LogInit: FAudioDevice initialized.
[2014.09.19-15.04.39:712][  0]LogAIModule: Creating AISystem for world NewWorld
[2014.09.19-15.04.39:736][  0]LogDerivedDataCache: Saved boot cache 0.02s 39MB C:/Users/benjamin/AppData/Local/UnrealEngine/4.4/DerivedDataCache/Boot.ddc.
[2014.09.19-15.04.39:739][  0]LogInit: Texture streaming: Enabled
[2014.09.19-15.04.39:894][  0]LogInit: Transaction tracking system initialized
[2014.09.19-15.04.40:584][  0]LogAssetRegistry: FAssetRegistry took 0.0110 seconds to start up
[2014.09.19-15.04.41:766][  0]LogTargetPlatformManager:Display: Building Assets For Windows
[2014.09.19-15.04.42:130][  0]LogTargetPlatformManager:Display: Building Assets For Windows
[2014.09.19-15.04.42:592][  0]LogConsoleResponse:Display: 
[2014.09.19-15.04.43:108][  0]LogStats:Warning: MetaData mismatch. Did you assign a stat to two groups? New //STATGROUP_Threads//FMonitoredProcess///Thread_45f0_0///////STATCAT_Advanced//// old //STATGROUP_Threads//FMonitoredProcess///Thread_3640_0///////STATCAT_Advanced////
[2014.09.19-15.04.43:108][  0]LogStats:Warning: MetaData mismatch. Did you assign a stat to two groups? New //STATGROUP_Threads//FMonitoredProcess///Thread_4bbc_0///////STATCAT_Advanced//// old //STATGROUP_Threads//FMonitoredProcess///Thread_3640_0///////STATCAT_Advanced////
[2014.09.19-15.04.43:108][  0]SourceControl: Info Source control is disabled
[2014.09.19-15.04.43:108][  0]Cmd: MAP LOAD FILE="../../../../../../GitHub/UnrealEngineLearning/ThirdPerson5/Content/Maps/Minimal_Default.umap" TEMPLATE=0 SHOWPROGRESS=1
[2014.09.19-15.04.43:110][  0]LightingResults: New page: Lighting Build
[2014.09.19-15.04.43:125][  0]MapCheck: New page: Map Check
[2014.09.19-15.04.43:125][  0]LightingResults: New page: Lighting Build
[2014.09.19-15.04.43:138][  0]LogParticles: Destroying 0 GPU particle simulations for FXSystem 0x000000F44D034860
[2014.09.19-15.04.43:670][  0]LogEditorServer: Finished looking for orphan Actors (0.000 secs)
[2014.09.19-15.04.43:671][  0]LogAIModule: Creating AISystem for world Minimal_Default
[2014.09.19-15.04.43:671][  0]Cmd: MAP CHECKDEP
[2014.09.19-15.04.43:671][  0]MapCheck: New page: Minimal_Default - Sep 20, 2014, 7:04:43 AM
[2014.09.19-15.04.43:841][  0]MapCheck: Info ========== Map Check: 0 Error(s), 0 Warning(s), [169.782ms] ==========
[2014.09.19-15.04.43:841][  0]LogFileHelpers: Loading map 'Minimal_Default' took 0.732
[2014.09.19-15.04.44:040][  0]LogCollectionManager: Loaded 0 collections in 0.001970 seconds
[2014.09.19-15.04.44:330][  0]LogCrashTracker: Crashtracker disabled due to settings.
[2014.09.19-15.04.44:402][  0]LogLoad: Full Startup: 17.48 seconds (BP compile: 0.11 seconds)
[2014.09.19-15.04.44:426][  0]LogContentBrowser:Verbose: The content browser source was changed by the sources view to '/Game/Character'
[2014.09.19-15.04.44:608][  0]LogRenderer:Warning: Reallocating scene render targets to support 1136x888.
[2014.09.19-15.04.44:887][  2]LogAssetRegistry: Asset discovery search completed in 4.3144 seconds
[2014.09.19-15.24.33:379][351]LogActorComponent: UnregisterComponent: (/Engine/Transient.CharacterMovementComponent_0) Not registered. Aborting.
[2014.09.19-15.24.33:417][351]LogFileHelpers: Editor autosave (incl. sublevels) for '/Game/Maps/Minimal_Default' took 0.038
[2014.09.19-15.24.33:433][351]OBJ SavePackage: Generating thumbnails for [1] asset(s) in package [/Game/Character/MyCharacter] ([1] browsable assets)...
[2014.09.19-15.24.33:469][351]OBJ SavePackage:     Rendered thumbnail for [Blueprint /Game/Character/MyCharacter.MyCharacter]
[2014.09.19-15.24.33:469][351]OBJ SavePackage: Finished generating thumbnails for package [/Game/Character/MyCharacter]
[2014.09.19-15.24.33:822][351]LogSavePackage: Save=296.375793ms
[2014.09.19-15.24.33:822][351]LogSavePackage: Moving '../../../../../../GitHub/UnrealEngineLearning/ThirdPerson5/Saved/MyCharacter_Auto157946723479FD4F3434F4E8953E4A1FF.tmp' to '../../../../../../GitHub/UnrealEngineLearning/ThirdPerson5/Saved/Autosaves/Game/Character/MyCharacter_Auto1.uasset'
[2014.09.19-15.24.33:845][351]LogFileHelpers: Auto-saving content packages took 0.428
[2014.09.19-15.25.05:654][948]LogPlayLevel: PIE:  No blueprints needed recompiling
[2014.09.19-15.25.05:654][948]PIE: New page: PIE session: Minimal_Default (Sep 20, 2014, 7:25:05 AM)
[2014.09.19-15.25.05:659][948]LogPlayLevel: PIE: StaticDuplicateObject took: (0.004313s)
[2014.09.19-15.25.05:661][948]LogPlayLevel: PIE: World Init took: (0.001190s)
[2014.09.19-15.25.05:661][948]LogPlayLevel: PIE: Created PIE world by copying editor world from /Game/Maps/Minimal_Default.Minimal_Default to /Game/Maps/UEDPIE_0_Minimal_Default.Minimal_Default (0.006229s)
[2014.09.19-15.25.05:708][948]LogWorld: Game class is 'MyGame_C'
[2014.09.19-15.25.05:710][948]LogAIModule: Creating AISystem for world Minimal_Default
[2014.09.19-15.25.05:711][948]LogWorld: Bringing World /Game/Maps/UEDPIE_0_Minimal_Default.Minimal_Default up for play (max tick rate 60) at 2014.09.19-23.25.05
[2014.09.19-15.25.05:711][948]LogWorld: Bringing up level for play took: 0.001261
[2014.09.19-15.25.05:714][948]PIE: Info Play in editor start time for /Game/Maps/UEDPIE_0_Minimal_Default -0.244
[2014.09.19-15.25.20:498][822]LogActorComponent: UnregisterComponent: (/Engine/Transient.CharacterMovementComponent_1) Not registered. Aborting.
[2014.09.19-15.25.20:515][822]LogParticles: Destroying 0 GPU particle simulations for FXSystem 0x000000F4476CB060
[2014.09.19-15.25.20:515][822]LogParticles: Destroying 0 GPU particle simulations for FXSystem 0x000000F4490AD260
[2014.09.19-15.54.47:543][ 32]LogActorComponent: UnregisterComponent: (/Engine/Transient.CharacterMovementComponent_2) Not registered. Aborting.
[2014.09.19-15.54.47:570][ 32]LogFileHelpers: Editor autosave (incl. sublevels) for '/Game/Maps/Minimal_Default' took 0.027
[2014.09.19-15.54.47:587][ 32]OBJ SavePackage: Generating thumbnails for [0] asset(s) in package [/Game/Character/MyCharacter] ([1] browsable assets)...
[2014.09.19-15.54.47:601][ 32]OBJ SavePackage: Finished generating thumbnails for package [/Game/Character/MyCharacter]
[2014.09.19-15.54.47:735][ 32]LogSavePackage: Save=63.579617ms
[2014.09.19-15.54.47:735][ 32]LogSavePackage: Moving '../../../../../../GitHub/UnrealEngineLearning/ThirdPerson5/Saved/MyCharacter_Auto2CD7513CC4808C6C6639F05B1C632C726.tmp' to '../../../../../../GitHub/UnrealEngineLearning/ThirdPerson5/Saved/Autosaves/Game/Character/MyCharacter_Auto2.uasset'
[2014.09.19-15.54.47:754][ 32]LogFileHelpers: Auto-saving content packages took 0.184
[2014.09.19-15.55.00:475][590]LogSlate:Warning: GetFontFace failed to load or process 'Roboto-Regular'
[2014.09.19-15.55.00:475][590]LogSlate:Warning: GetFontFace failed to load or process 'Roboto-Regular'
[2014.09.19-15.55.00:544][590]LogSlate:Warning: GetFontFace failed to load or process 'Roboto-Regular'
[2014.09.19-15.55.00:544][590]LogSlate:Warning: GetFontFace failed to load or process 'Roboto-Regular'
[2014.09.19-15.55.00:545][590]LogSlate:Warning: GetFontFace failed to load or process 'Roboto-Regular'
[2014.09.19-15.55.00:545][590]LogSlate:Warning: GetFontFace failed to load or process 'Roboto-Regular'
[2014.09.19-15.55.00:545][590]LogSlate:Warning: GetFontFace failed to load or process 'Roboto-Regular'
[2014.09.19-15.55.00:545][590]LogSlate:Warning: GetFontFace failed to load or process 'Roboto-Regular'
[2014.09.19-15.55.00:545][590]LogSlate:Warning: GetFontFace failed to load or process 'Roboto-Regular'
[2014.09.19-15.55.00:545][590]LogSlate:Warning: GetFontFace failed to load or process 'Roboto-Regular'
[2014.09.19-15.55.00:545][590]LogSlate:Warning: GetFontFace failed to load or process 'Roboto-Regular'
[2014.09.19-15.55.00:546][590]LogSlate:Warning: GetFontFace failed to load or process 'Roboto-Regular'
[2014.09.19-15.55.00:546][590]LogSlate:Warning: GetFontFace failed to load or process 'Roboto-Regular'
[2014.09.19-15.55.00:546][590]LogSlate:Warning: GetFontFace failed to load or process 'Roboto-Regular'
[2014.09.19-15.55.00:546][590]LogSlate:Warning: GetFontFace failed to load or process 'Roboto-Regular'
[2014.09.19-15.55.00:546][590]LogSlate:Warning: GetFontFace failed to load or process 'Roboto-Regular'
[2014.09.19-15.55.00:546][590]LogSlate:Warning: GetFontFace failed to load or process 'Roboto-Regular'
[2014.09.19-15.55.00:546][590]LogSlate:Warning: GetFontFace failed to load or process 'Roboto-Regular'
[2014.09.19-15.55.35:192][ 23]LogActorComponent: UnregisterComponent: (/Engine/Transient.CharacterMovementComponent_3) Not registered. Aborting.
[2014.09.19-15.58.27:780][835]LogActorComponent: UnregisterComponent: (/Engine/Transient.CharacterMovementComponent_4) Not registered. Aborting.
[2014.09.19-15.58.32:935][ 33]LogActorComponent: UnregisterComponent: (/Engine/Transient.CharacterMovementComponent_5) Not registered. Aborting.
[2014.09.19-15.58.46:464][571]LogActorComponent: UnregisterComponent: (/Engine/Transient.CharacterMovementComponent_6) Not registered. Aborting.
[2014.09.19-15.58.48:545][662]LogActorComponent: UnregisterComponent: (/Engine/Transient.CharacterMovementComponent_7) Not registered. Aborting.
[2014.09.19-15.58.48:607][662]Cmd: OBJ SAVEPACKAGE PACKAGE="/Game/Character/MyCharacter" FILE="../../../../../../GitHub/UnrealEngineLearning/ThirdPerson5/Content/Character/MyCharacter.uasset" SILENT=true
[2014.09.19-15.58.48:891][662]LogSavePackage: Save=268.307922ms
[2014.09.19-15.58.48:891][662]LogSavePackage: Moving '../../../../../../GitHub/UnrealEngineLearning/ThirdPerson5/Saved/MyCharacter79AAD0FE4F5FDAA19154C5BFA3B793A2.tmp' to '../../../../../../GitHub/UnrealEngineLearning/ThirdPerson5/Content/Character/MyCharacter.uasset'
[2014.09.19-15.59.16:166][664]LogSlate:Warning: GetFontFace failed to load or process 'Roboto-Regular'
[2014.09.19-15.59.16:166][664]LogSlate:Warning: GetFontFace failed to load or process 'Roboto-Regular'
[2014.09.19-15.59.16:166][664]LogSlate:Warning: GetFontFace failed to load or process 'Roboto-Regular'
[2014.09.19-15.59.16:166][664]LogSlate:Warning: GetFontFace failed to load or process 'Roboto-Regular'
[2014.09.19-15.59.16:166][664]LogSlate:Warning: GetFontFace failed to load or process 'Roboto-Regular'
[2014.09.19-15.59.26:203][ 79]LogActorComponent: UnregisterComponent: (/Engine/Transient.CharacterMovementComponent_8) Not registered. Aborting.
[2014.09.19-15.59.58:470][353]LogSlate:Warning: GetFontFace failed to load or process 'Roboto-Regular'
[2014.09.19-15.59.58:470][353]LogSlate:Warning: GetFontFace failed to load or process 'Roboto-Regular'
[2014.09.19-15.59.58:471][353]LogSlate:Warning: GetFontFace failed to load or process 'Roboto-Regular'
[2014.09.19-16.04.47:953][631]LogActorComponent: UnregisterComponent: (/Engine/Transient.CharacterMovementComponent_9) Not registered. Aborting.
[2014.09.19-16.04.47:974][631]LogFileHelpers: Editor autosave (incl. sublevels) for '/Game/Maps/Minimal_Default' took 0.021
[2014.09.19-16.04.47:990][631]OBJ SavePackage: Generating thumbnails for [1] asset(s) in package [/Game/Character/MyCharacter] ([1] browsable assets)...
[2014.09.19-16.04.48:024][631]OBJ SavePackage:     Rendered thumbnail for [Blueprint /Game/Character/MyCharacter.MyCharacter]
[2014.09.19-16.04.48:024][631]OBJ SavePackage: Finished generating thumbnails for package [/Game/Character/MyCharacter]
[2014.09.19-16.04.48:382][631]LogSavePackage: Save=313.204132ms
[2014.09.19-16.04.48:382][631]LogSavePackage: Moving '../../../../../../GitHub/UnrealEngineLearning/ThirdPerson5/Saved/MyCharacter_Auto3F8E8A19046F8901BD044928E0772EFE0.tmp' to '../../../../../../GitHub/UnrealEngineLearning/ThirdPerson5/Saved/Autosaves/Game/Character/MyCharacter_Auto3.uasset'
[2014.09.19-16.04.48:402][631]LogFileHelpers: Auto-saving content packages took 0.428
[2014.09.19-16.31.22:114][ 42]LogActorComponent: UnregisterComponent: (/Engine/Transient.CharacterMovementComponent_10) Not registered. Aborting.
[2014.09.19-16.31.22:317][ 42]Cmd: OBJ SAVEPACKAGE PACKAGE="/Game/Character/MyCharacter" FILE="../../../../../../GitHub/UnrealEngineLearning/ThirdPerson5/Content/Character/MyCharacter.uasset" SILENT=true
[2014.09.19-16.31.22:610][ 42]LogSavePackage: Save=274.490875ms
[2014.09.19-16.31.22:610][ 42]LogSavePackage: Moving '../../../../../../GitHub/UnrealEngineLearning/ThirdPerson5/Saved/MyCharacter55A6607A4C9410AB8E2F3381D4CA06BE.tmp' to '../../../../../../GitHub/UnrealEngineLearning/ThirdPerson5/Content/Character/MyCharacter.uasset'
[2014.09.19-16.31.23:238][ 58]BlueprintLog: New page: Compile MyCharacter
[2014.09.19-16.31.23:333][ 58]LogActorComponent: UnregisterComponent: (/Engine/Transient.CharacterMovementComponent_11) Not registered. Aborting.
[2014.09.19-16.31.23:416][ 58]BlueprintEditorCompileResults: Info [5216.38] Compile of MyCharacter successful! [in 42 ms]
[2014.09.19-16.31.24:264][ 75]Cmd: OBJ SAVEPACKAGE PACKAGE="/Game/Character/MyCharacter" FILE="../../../../../../GitHub/UnrealEngineLearning/ThirdPerson5/Content/Character/MyCharacter.uasset" SILENT=true
[2014.09.19-16.31.24:562][ 75]LogSavePackage: Save=282.120239ms
[2014.09.19-16.31.24:562][ 75]LogSavePackage: Moving '../../../../../../GitHub/UnrealEngineLearning/ThirdPerson5/Saved/MyCharacter716BD3904F2DFA6A4A1E6C9CB001D190.tmp' to '../../../../../../GitHub/UnrealEngineLearning/ThirdPerson5/Content/Character/MyCharacter.uasset'
[2014.09.19-16.32.57:628][796]LogUObjectGlobals:Warning: Failed to find object 'Object None.'
[2014.09.19-16.32.57:628][796]LogUObjectGlobals:Warning: Failed to find object 'Object None.'
[2014.09.19-16.32.57:628][796]LogProperty:Warning: ObjectProperty /Script/Engine.EdGraphPin:LinkedTo.LinkedTo: unresolved reference to 'EdGraphPin'"K2Node_CommutativeAssociativeBinaryOperator_270.EdGraphPin_4192"''
[2014.09.19-16.33.08:183][187]LogActorComponent: UnregisterComponent: (/Engine/Transient.CharacterMovementComponent_12) Not registered. Aborting.
[2014.09.19-16.33.08:207][187]LogFileHelpers: Editor autosave (incl. sublevels) for '/Game/Maps/Minimal_Default' took 0.024
[2014.09.19-16.33.08:221][187]OBJ SavePackage: Generating thumbnails for [1] asset(s) in package [/Game/Character/MyCharacter] ([1] browsable assets)...
[2014.09.19-16.33.08:251][187]OBJ SavePackage:     Rendered thumbnail for [Blueprint /Game/Character/MyCharacter.MyCharacter]
[2014.09.19-16.33.08:251][187]OBJ SavePackage: Finished generating thumbnails for package [/Game/Character/MyCharacter]
[2014.09.19-16.33.08:573][187]LogSavePackage: Save=279.252106ms
[2014.09.19-16.33.08:573][187]LogSavePackage: Moving '../../../../../../GitHub/UnrealEngineLearning/ThirdPerson5/Saved/MyCharacter_Auto4B1732B2C49151AE511B92097E6D6DA66.tmp' to '../../../../../../GitHub/UnrealEngineLearning/ThirdPerson5/Saved/Autosaves/Game/Character/MyCharacter_Auto4.uasset'
[2014.09.19-16.33.08:585][187]LogFileHelpers: Auto-saving content packages took 0.378
[2014.09.19-16.33.23:480][631]LogUObjectGlobals:Warning: Failed to find object 'Object None.'
[2014.09.19-16.33.23:480][631]LogUObjectGlobals:Warning: Failed to find object 'Object None.'
[2014.09.19-16.33.23:481][631]LogProperty:Warning: ObjectProperty /Script/Engine.EdGraphPin:LinkedTo.LinkedTo: unresolved reference to 'EdGraphPin'"K2Node_CommutativeAssociativeBinaryOperator_342.EdGraphPin_4190"''
[2014.09.19-16.33.41:354][252]LogActorComponent: UnregisterComponent: (/Engine/Transient.CharacterMovementComponent_13) Not registered. Aborting.
[2014.09.19-16.33.41:429][252]Cmd: OBJ SAVEPACKAGE PACKAGE="/Game/Character/MyCharacter" FILE="../../../../../../GitHub/UnrealEngineLearning/ThirdPerson5/Content/Character/MyCharacter.uasset" SILENT=true
[2014.09.19-16.33.41:715][252]LogSavePackage: Save=269.788574ms
[2014.09.19-16.33.41:715][252]LogSavePackage: Moving '../../../../../../GitHub/UnrealEngineLearning/ThirdPerson5/Saved/MyCharacter81DDD627497553C6D3702494680AB652.tmp' to '../../../../../../GitHub/UnrealEngineLearning/ThirdPerson5/Content/Character/MyCharacter.uasset'
[2014.09.19-16.34.07:061][ 24]LogActorComponent: UnregisterComponent: (/Engine/Transient.CharacterMovementComponent_14) Not registered. Aborting.
[2014.09.19-16.34.16:421][295]LogActorComponent: UnregisterComponent: (/Engine/Transient.CharacterMovementComponent_15) Not registered. Aborting.
[2014.09.19-16.35.35:351][ 14]LogActorComponent: UnregisterComponent: (/Engine/Transient.CharacterMovementComponent_16) Not registered. Aborting.
[2014.09.19-16.35.35:435][ 14]Cmd: OBJ SAVEPACKAGE PACKAGE="/Game/Character/MyCharacter" FILE="../../../../../../GitHub/UnrealEngineLearning/ThirdPerson5/Content/Character/MyCharacter.uasset" SILENT=true
[2014.09.19-16.35.35:733][ 14]LogSavePackage: Save=279.069244ms
[2014.09.19-16.35.35:733][ 14]LogSavePackage: Moving '../../../../../../GitHub/UnrealEngineLearning/ThirdPerson5/Saved/MyCharacter0B4D600E42B9681D257AA5A078A74602.tmp' to '../../../../../../GitHub/UnrealEngineLearning/ThirdPerson5/Content/Character/MyCharacter.uasset'
[2014.09.19-16.37.09:936][905]BlueprintLog: New page: Compile MyCharacter
[2014.09.19-16.37.10:029][905]LogActorComponent: UnregisterComponent: (/Engine/Transient.CharacterMovementComponent_17) Not registered. Aborting.
[2014.09.19-16.37.10:110][905]BlueprintEditorCompileResults: Info [5563.08] Compile of MyCharacter successful! [in 38 ms]
[2014.09.19-16.37.17:361][107]LogActorComponent: UnregisterComponent: (/Engine/Transient.CharacterMovementComponent_18) Not registered. Aborting.
[2014.09.19-16.37.18:926][154]BlueprintLog: New page: Compile MyCharacter
[2014.09.19-16.37.19:023][154]LogActorComponent: UnregisterComponent: (/Engine/Transient.CharacterMovementComponent_19) Not registered. Aborting.
[2014.09.19-16.37.19:088][154]BlueprintEditorCompileResults: Info [5572.06] Compile of MyCharacter successful! [in 38 ms]
[2014.09.19-16.37.23:925][314]LogActorComponent: UnregisterComponent: (/Engine/Transient.CharacterMovementComponent_20) Not registered. Aborting.
[2014.09.19-16.38.02:970][543]LogActorComponent: UnregisterComponent: (/Engine/Transient.CharacterMovementComponent_21) Not registered. Aborting.
[2014.09.19-16.38.03:041][543]Cmd: OBJ SAVEPACKAGE PACKAGE="/Game/Character/MyCharacter" FILE="../../../../../../GitHub/UnrealEngineLearning/ThirdPerson5/Content/Character/MyCharacter.uasset" SILENT=true
[2014.09.19-16.38.03:333][543]LogSavePackage: Save=272.624390ms
[2014.09.19-16.38.03:333][543]LogSavePackage: Moving '../../../../../../GitHub/UnrealEngineLearning/ThirdPerson5/Saved/MyCharacter071B125643CC8743CDE941A04B98DFDA.tmp' to '../../../../../../GitHub/UnrealEngineLearning/ThirdPerson5/Content/Character/MyCharacter.uasset'
[2014.09.19-16.38.34:461][451]BlueprintLog: New page: Compile MyCharacter
[2014.09.19-16.38.34:554][451]LogActorComponent: UnregisterComponent: (/Engine/Transient.CharacterMovementComponent_22) Not registered. Aborting.
[2014.09.19-16.38.34:618][451]BlueprintEditorCompileResults: Info [5647.60] Compile of MyCharacter successful! [in 38 ms]
[2014.09.19-16.38.43:811][819]LogActorComponent: UnregisterComponent: (/Engine/Transient.CharacterMovementComponent_23) Not registered. Aborting.
[2014.09.19-16.38.43:831][819]LogParticles: Destroying 0 GPU particle simulations for FXSystem 0x000000F45145B240
[2014.09.19-16.38.43:966][819]LogSavePackage: Save=77.354683ms
[2014.09.19-16.38.43:966][819]LogSavePackage: Moving '../../../../../../GitHub/UnrealEngineLearning/ThirdPerson5/Saved/UEDPCMinimal_DefaultBD0042F949513ED0CD46378EFC91F8C1.tmp' to '../../../../../../GitHub/UnrealEngineLearning/ThirdPerson5/Saved/Autosaves/Game/Maps/UEDPCMinimal_Default.umap'
[2014.09.19-16.39.35:312][ 59]LogPlayLevel: PIE:  No blueprints needed recompiling
[2014.09.19-16.39.35:312][ 59]PIE: New page: PIE session: Minimal_Default (Sep 20, 2014, 8:39:35 AM)
[2014.09.19-16.39.35:316][ 59]LogPlayLevel: PIE: StaticDuplicateObject took: (0.003571s)
[2014.09.19-16.39.35:317][ 59]LogPlayLevel: PIE: World Init took: (0.001498s)
[2014.09.19-16.39.35:317][ 59]LogPlayLevel: PIE: Created PIE world by copying editor world from /Game/Maps/Minimal_Default.Minimal_Default to /Game/Maps/UEDPIE_0_Minimal_Default.Minimal_Default (0.005275s)
[2014.09.19-16.39.35:346][ 59]LogWorld: Game class is 'MyGame_C'
[2014.09.19-16.39.35:347][ 59]LogAIModule: Creating AISystem for world Minimal_Default
[2014.09.19-16.39.35:348][ 59]LogWorld: Bringing World /Game/Maps/UEDPIE_0_Minimal_Default.Minimal_Default up for play (max tick rate 60) at 2014.09.20-00.39.35
[2014.09.19-16.39.35:349][ 59]LogWorld: Bringing up level for play took: 0.001222
[2014.09.19-16.39.35:350][ 59]PIE: Info Play in editor start time for /Game/Maps/UEDPIE_0_Minimal_Default -0.607
[2014.09.19-16.39.44:175][324]LogActorComponent: UnregisterComponent: (/Engine/Transient.CharacterMovementComponent_24) Not registered. Aborting.
[2014.09.19-16.39.44:192][324]LogParticles: Destroying 0 GPU particle simulations for FXSystem 0x000000F441DC4EA0
[2014.09.19-16.39.53:931][664]MapCheck: New page: Map Check
[2014.09.19-16.39.53:968][664]Cmd: MAP REBUILD ALLVISIBLE
[2014.09.19-16.39.53:968][664]LogEditorServer: Rebuildmap Clear paths rebuilt
[2014.09.19-16.39.54:017][664]LightingResults: New page: Lighting Build - Sep 20, 2014, 8:39:54 AM
[2014.09.19-16.40.04:976][664]LogStaticLightingSystem:Warning: No importance volume found, so the scene bounding box was used.  You can optimize your scene's quality and lighting build times by adding importance volumes.
[2014.09.19-16.40.05:021][664]LogStaticLightingSystem: Running Lightmass w/ ImmediateImport mode ENABLED
[2014.09.19-16.40.05:021][664]LogStaticLightingSystem: Running Lightmass w/ ImmediateProcess mode ENABLED
[2014.09.19-16.40.05:021][664]LogStaticLightingSystem: Running Lightmass w/ Sorting mode ENABLED
[2014.09.19-16.40.05:021][664]LogStaticLightingSystem: Running Lightmass w/ Mapping paddings ENABLED
[2014.09.19-16.40.05:021][664]LogStaticLightingSystem: Running Lightmass w/ Mapping debug paddings DISABLED
[2014.09.19-16.40.05:256][664]LogEditorBuildUtils: Build time 0:00:11
[2014.09.19-16.40.09:126][759]Job is a success!
[2014.09.19-16.40.09:267][760]LogTexture:Display: Building textures: HQ_Lightmap0_1 (AutoDXT)
[2014.09.19-16.40.09:430][760]LogTexture:Display: Building textures: LQ_Lightmap_0_2 (DXT1)
[2014.09.19-16.40.09:556][760]LogTexture:Display: Building textures: HQ_Lightmap0_2 (AutoDXT)
[2014.09.19-16.40.09:691][760]LogTexture:Display: Building textures: LQ_Lightmap_0_1 (DXT1)
[2014.09.19-16.40.09:815][760]LogTexture:Display: Building textures: ShadowMapTexture2D_0 (BGRA8)
[2014.09.19-16.40.09:832][760]LogTexture:Display: Building textures: ShadowMapTexture2D_1 (BGRA8)
[2014.09.19-16.40.09:932][760]Lightmass on ALIENWAREM14X: 2.60 sec total, 381 ms importing, 19 ms setup, 402 ms photons, 1.70 sec processing, 0 ms extra exporting [7/7 mappings]. Threads: 14.9 sec total, 3.65 sec processing.
[2014.09.19-16.40.09:955][760]LogStaticLightingSystem:Warning: Illumination: 15.8 sec (611 ms encoding lightmaps)
[2014.09.19-16.40.09:955][760]LogStaticLightingSystem: Lightmap texture memory:  0.3 MB (0.3 MB streaming, 0.0 MB non-streaming), 4 textures
[2014.09.19-16.40.09:955][760]LogStaticLightingSystem: Shadowmap texture memory: 0.0 MB (0.0 MB streaming, 0.0 MB non-streaming), 2 textures
[2014.09.19-16.40.10:959][761]Cmd: MAP CHECK NOTIFYRESULTS
[2014.09.19-16.40.10:959][761]MapCheck: New page: Minimal_Default - Sep 20, 2014, 8:40:10 AM
[2014.09.19-16.40.11:185][761]MapCheck: Info ========== Map Check: 0 Error(s), 0 Warning(s), [225.889ms] ==========
[2014.09.19-16.42.00:625][757]LogSlate:Warning: GetFontFace failed to load or process 'Roboto-Regular'
[2014.09.19-16.42.00:625][757]LogSlate:Warning: GetFontFace failed to load or process 'Roboto-Regular'
[2014.09.19-16.42.00:625][757]LogSlate:Warning: GetFontFace failed to load or process 'Roboto-Regular'
[2014.09.19-16.42.00:626][757]LogSlate:Warning: GetFontFace failed to load or process 'Roboto-Regular'
[2014.09.19-16.43.14:263][273]LogActorComponent: UnregisterComponent: (/Engine/Transient.CharacterMovementComponent_25) Not registered. Aborting.
[2014.09.19-16.43.19:860][361]LogActorComponent: UnregisterComponent: (/Engine/Transient.CharacterMovementComponent_26) Not registered. Aborting.
[2014.09.19-16.43.20:189][361]LogSavePackage: Save=235.972626ms
[2014.09.19-16.43.20:189][361]LogSavePackage: Moving '../../../../../../GitHub/UnrealEngineLearning/ThirdPerson5/Saved/Minimal_Default_Auto59ED95D204CEF0518014D8DBF8B892D70.tmp' to '../../../../../../GitHub/UnrealEngineLearning/ThirdPerson5/Saved/Autosaves/Game/Maps/Minimal_Default_Auto5.umap'
[2014.09.19-16.43.20:211][361]LogFileHelpers: Editor autosave (incl. sublevels) for '/Game/Maps/Minimal_Default' took 0.351
[2014.09.19-16.43.20:211][361]LogFileHelpers: Editor autosave (incl. sublevels) for all levels took 0.351
[2014.09.19-16.43.20:227][361]OBJ SavePackage: Generating thumbnails for [1] asset(s) in package [/Game/Character/MyCharacter] ([1] browsable assets)...
[2014.09.19-16.43.20:254][361]OBJ SavePackage:     Rendered thumbnail for [Blueprint /Game/Character/MyCharacter.MyCharacter]
[2014.09.19-16.43.20:254][361]OBJ SavePackage: Finished generating thumbnails for package [/Game/Character/MyCharacter]
[2014.09.19-16.43.20:613][361]LogSavePackage: Save=287.809387ms
[2014.09.19-16.43.20:613][361]LogSavePackage: Moving '../../../../../../GitHub/UnrealEngineLearning/ThirdPerson5/Saved/MyCharacter_Auto55874F7CF4243A60FA78CC9B4223A8ADC.tmp' to '../../../../../../GitHub/UnrealEngineLearning/ThirdPerson5/Saved/Autosaves/Game/Character/MyCharacter_Auto5.uasset'
[2014.09.19-16.43.20:632][361]LogFileHelpers: Auto-saving content packages took 0.421
[2014.09.19-16.43.52:919][886]BlueprintLog: New page: Compile MyCharacter
[2014.09.19-16.43.53:016][886]LogActorComponent: UnregisterComponent: (/Engine/Transient.CharacterMovementComponent_27) Not registered. Aborting.
[2014.09.19-16.43.53:081][886]BlueprintEditorCompileResults: Info [5966.06] Compile of MyCharacter successful! [in 39 ms]
[2014.09.19-16.43.54:183][900]Cmd: OBJ SAVEPACKAGE PACKAGE="/Game/Character/MyCharacter" FILE="../../../../../../GitHub/UnrealEngineLearning/ThirdPerson5/Content/Character/MyCharacter.uasset" SILENT=true
[2014.09.19-16.43.54:471][900]LogSavePackage: Save=271.585480ms
[2014.09.19-16.43.54:471][900]LogSavePackage: Moving '../../../../../../GitHub/UnrealEngineLearning/ThirdPerson5/Saved/MyCharacter2B360A9C4BDC36F1C4B29D87FA9CEC9A.tmp' to '../../../../../../GitHub/UnrealEngineLearning/ThirdPerson5/Content/Character/MyCharacter.uasset'
[2014.09.19-16.45.06:807][ 99]LogActorComponent: UnregisterComponent: (/Engine/Transient.CharacterMovementComponent_28) Not registered. Aborting.
[2014.09.19-16.45.06:830][ 99]LogParticles: Destroying 0 GPU particle simulations for FXSystem 0x000000F463FEEFC0
[2014.09.19-16.45.09:110][ 99]Cmd: OBJ SAVEPACKAGE PACKAGE="/Game/Maps/Minimal_Default" FILE="../../../../../../GitHub/UnrealEngineLearning/ThirdPerson5/Content/Maps/Minimal_Default.umap" SILENT=true AUTOSAVING=false KEEPDIRTY=false
[2014.09.19-16.45.09:317][ 99]LogSavePackage: Save=169.546906ms
[2014.09.19-16.45.09:317][ 99]LogSavePackage: Moving '../../../../../../GitHub/UnrealEngineLearning/ThirdPerson5/Saved/Minimal_Default2AFD06A74F3C70F136D8C1BB065B6F15.tmp' to '../../../../../../GitHub/UnrealEngineLearning/ThirdPerson5/Content/Maps/Minimal_Default.umap'
[2014.09.19-16.45.09:341][ 99]LogFileHelpers: Saving map 'Minimal_Default' took 0.414
[2014.09.19-16.45.09:763][100]Cmd: QUIT_EDITOR
[2014.09.19-16.45.09:884][100]LogWindowsTextInputMethodSystem:Error: Terminating failed while unadvising the language notification sink from the TSF source.
[2014.09.19-16.45.09:885][100]LogExit: Preparing to exit.
[2014.09.19-16.45.10:046][100]LogExit: Editor shut down
[2014.09.19-16.45.10:047][100]LogExit: Transaction tracking system shut down
[2014.09.19-16.45.10:048][100]LogParticles: Destroying 0 GPU particle simulations for FXSystem 0x000000F447BD2AC0
[2014.09.19-16.45.10:070][100]LogParticles: Destroying 0 GPU particle simulations for FXSystem 0x000000F456830220
[2014.09.19-16.45.10:071][100]LogParticles: Destroying 0 GPU particle simulations for FXSystem 0x000000F45193BCE0
[2014.09.19-16.45.10:071][100]LogParticles: Destroying 0 GPU particle simulations for FXSystem 0x000000F45193BB00
[2014.09.19-16.45.10:071][100]LogParticles: Destroying 0 GPU particle simulations for FXSystem 0x000000F45724BF60
[2014.09.19-16.45.10:071][100]LogExit: Object subsystem successfully closed.
[2014.09.19-16.45.10:137][100]LogModuleManager: Shutting down and abandoning module AndroidDeviceDetection (161)
[2014.09.19-16.45.10:137][100]LogModuleManager: Shutting down and abandoning module HTTP (160)
[2014.09.19-16.45.10:137][100]LogModuleManager: Shutting down and abandoning module CrashTracker (159)
[2014.09.19-16.45.10:137][100]LogModuleManager: Shutting down and abandoning module SuperSearch (158)
[2014.09.19-16.45.10:138][100]LogModuleManager: Shutting down and abandoning module SceneOutliner (157)
[2014.09.19-16.45.10:138][100]LogModuleManager: Shutting down and abandoning module EditorWidgets (156)
[2014.09.19-16.45.10:138][100]LogModuleManager: Shutting down and abandoning module CollectionManager (155)
[2014.09.19-16.45.10:138][100]LogModuleManager: Shutting down and abandoning module StatsViewer (154)
[2014.09.19-16.45.10:138][100]LogModuleManager: Shutting down and abandoning module FoliageEdit (153)
[2014.09.19-16.45.10:138][100]LogModuleManager: Shutting down and abandoning module LandscapeEditor (152)
[2014.09.19-16.45.10:138][100]LogModuleManager: Shutting down and abandoning module MeshPaint (151)
[2014.09.19-16.45.10:138][100]LogModuleManager: Shutting down and abandoning module ActorPickerMode (150)
[2014.09.19-16.45.10:138][100]LogModuleManager: Shutting down and abandoning module GeometryMode (149)
[2014.09.19-16.45.10:138][100]LogModuleManager: Shutting down and abandoning module TextureAlignMode (148)
[2014.09.19-16.45.10:138][100]LogModuleManager: Shutting down and abandoning module BspMode (147)
[2014.09.19-16.45.10:138][100]LogModuleManager: Shutting down and abandoning module PlacementMode (146)
[2014.09.19-16.45.10:138][100]LogModuleManager: Shutting down and abandoning module DesktopPlatform (145)
[2014.09.19-16.45.10:138][100]LogModuleManager: Shutting down and abandoning module AutomationWorker (144)
[2014.09.19-16.45.10:138][100]LogModuleManager: Shutting down and abandoning module EditorLiveStreaming (143)
[2014.09.19-16.45.10:138][100]LogModuleManager: Shutting down and abandoning module BehaviorTreeEditor (142)
[2014.09.19-16.45.10:138][100]LogModuleManager: Shutting down and abandoning module DeviceProfileEditor (141)
[2014.09.19-16.45.10:138][100]LogModuleManager: Shutting down and abandoning module UndoHistory (140)
[2014.09.19-16.45.10:138][100]LogModuleManager: Shutting down and abandoning module GameplayTagsEditor (139)
[2014.09.19-16.45.10:138][100]LogModuleManager: Shutting down and abandoning module UserFeedback (138)
[2014.09.19-16.45.10:138][100]LogModuleManager: Shutting down and abandoning module XmlParser (137)
[2014.09.19-16.45.10:138][100]LogModuleManager: Shutting down and abandoning module Blutility (136)
[2014.09.19-16.45.10:138][100]LogModuleManager: Shutting down and abandoning module IOSPlatformEditor (135)
[2014.09.19-16.45.10:138][100]LogModuleManager: Shutting down and abandoning module IOSRuntimeSettings (134)
[2014.09.19-16.45.10:138][100]LogModuleManager: Shutting down and abandoning module AndroidPlatformEditor (133)
[2014.09.19-16.45.10:138][100]LogModuleManager: Shutting down and abandoning module AndroidRuntimeSettings (132)
[2014.09.19-16.45.10:138][100]LogModuleManager: Shutting down and abandoning module ProjectTargetPlatformEditor (131)
[2014.09.19-16.45.10:138][100]LogModuleManager: Shutting down and abandoning module ProjectSettingsViewer (130)
[2014.09.19-16.45.10:138][100]LogModuleManager: Shutting down and abandoning module InputBindingEditor (129)
[2014.09.19-16.45.10:138][100]LogModuleManager: Shutting down and abandoning module EditorSettingsViewer (128)
[2014.09.19-16.45.10:138][100]LogModuleManager: Shutting down and abandoning module SettingsEditor (127)
[2014.09.19-16.45.10:138][100]LogModuleManager: Shutting down and abandoning module SessionLauncher (126)
[2014.09.19-16.45.10:138][100]LogModuleManager: Shutting down and abandoning module SessionFrontend (125)
[2014.09.19-16.45.10:138][100]LogModuleManager: Shutting down and abandoning module ProfilerClient (124)
[2014.09.19-16.45.10:138][100]LogModuleManager: Shutting down and abandoning module TargetDeviceServices (123)
[2014.09.19-16.45.10:138][100]LogModuleManager: Shutting down and abandoning module DeviceManager (122)
[2014.09.19-16.45.10:138][100]LogModuleManager: Shutting down and abandoning module AutomationController (121)
[2014.09.19-16.45.10:139][100]LogModuleManager: Shutting down and abandoning module AutomationWindow (120)
[2014.09.19-16.45.10:139][100]LogModuleManager: Shutting down and abandoning module Layers (119)
[2014.09.19-16.45.10:139][100]LogModuleManager: Shutting down and abandoning module ComponentVisualizers (118)
[2014.09.19-16.45.10:139][100]LogModuleManager: Shutting down and abandoning module DetailCustomizations (117)
[2014.09.19-16.45.10:139][100]LogModuleManager: Shutting down and abandoning module PackagesDialog (116)
[2014.09.19-16.45.10:139][100]LogModuleManager: Shutting down and abandoning module DirectoryWatcher (115)
[2014.09.19-16.45.10:140][100]LogModuleManager: Shutting down and abandoning module AssetRegistry (114)
[2014.09.19-16.45.10:156][100]LogModuleManager: Shutting down and abandoning module Persona (113)
[2014.09.19-16.45.10:156][100]LogModuleManager: Shutting down and abandoning module GraphEditor (112)
[2014.09.19-16.45.10:156][100]LogModuleManager: Shutting down and abandoning module ClassViewer (111)
[2014.09.19-16.45.10:156][100]LogModuleManager: Shutting down and abandoning module Toolbox (110)
[2014.09.19-16.45.10:156][100]LogModuleManager: Shutting down and abandoning module ModuleUI (109)
[2014.09.19-16.45.10:156][100]LogModuleManager: Shutting down and abandoning module Sequencer (108)
[2014.09.19-16.45.10:156][100]LogModuleManager: Shutting down and abandoning module MovieSceneTools (107)
[2014.09.19-16.45.10:156][100]LogModuleManager: Shutting down and abandoning module OutputLog (106)
[2014.09.19-16.45.10:156][100]LogModuleManager: Shutting down and abandoning module GammaUI (105)
[2014.09.19-16.45.10:156][100]LogModuleManager: Shutting down and abandoning module Documentation (104)
[2014.09.19-16.45.10:156][100]LogModuleManager: Shutting down and abandoning module GameLiveStreaming (103)
[2014.09.19-16.45.10:156][100]LogModuleManager: Shutting down and abandoning module StreamingPauseRendering (102)
[2014.09.19-16.45.10:156][100]LogModuleManager: Shutting down and abandoning module AnalyticsET (101)
[2014.09.19-16.45.10:156][100]LogModuleManager: Shutting down and abandoning module Analytics (100)
[2014.09.19-16.45.10:156][100]LogModuleManager: Shutting down and abandoning module GameplayDebugger (99)
[2014.09.19-16.45.10:156][100]LogModuleManager: Shutting down and abandoning module AIModule (98)
[2014.09.19-16.45.10:156][100]LogModuleManager: Shutting down and abandoning module ProfilerService (97)
[2014.09.19-16.45.10:167][100]LogModuleManager: Shutting down and abandoning module TaskGraph (96)
[2014.09.19-16.45.10:167][100]LogModuleManager: Shutting down and abandoning module SlateRemote (95)
[2014.09.19-16.45.10:174][100]LogModuleManager: Shutting down and abandoning module ScriptEditorPlugin (94)
[2014.09.19-16.45.10:174][100]LogModuleManager: Shutting down and abandoning module CustomMeshComponent (93)
[2014.09.19-16.45.10:174][100]LogModuleManager: Shutting down and abandoning module CableComponent (92)
[2014.09.19-16.45.10:174][100]LogModuleManager: Shutting down and abandoning module MessagingDebugger (91)
[2014.09.19-16.45.10:174][100]LogModuleManager: Shutting down and abandoning module ViewportSnapping (90)
[2014.09.19-16.45.10:174][100]LogModuleManager: Shutting down and abandoning module SmartSnapping (89)
[2014.09.19-16.45.10:174][100]LogModuleManager: Shutting down and abandoning module PaperTiledImporter (88)
[2014.09.19-16.45.10:174][100]LogModuleManager: Shutting down and abandoning module PaperJsonImporter (87)
[2014.09.19-16.45.10:174][100]LogModuleManager: Shutting down and abandoning module GameProjectGeneration (86)
[2014.09.19-16.45.10:174][100]LogModuleManager: Shutting down and abandoning module Matinee (85)
[2014.09.19-16.45.10:175][100]LogModuleManager: Shutting down and abandoning module Kismet (84)
[2014.09.19-16.45.10:175][100]LogModuleManager: Shutting down and abandoning module SlateReflector (83)
[2014.09.19-16.45.10:175][100]LogModuleManager: Shutting down and abandoning module LevelEditor (82)
[2014.09.19-16.45.10:176][100]LogModuleManager: Shutting down and abandoning module IntroTutorials (81)
[2014.09.19-16.45.10:176][100]LogModuleManager: Shutting down and abandoning module ContentBrowser (80)
[2014.09.19-16.45.10:176][100]LogModuleManager: Shutting down and abandoning module PropertyEditor (79)
[2014.09.19-16.45.10:176][100]LogModuleManager: Shutting down and abandoning module AssetTools (78)
[2014.09.19-16.45.10:176][100]LogModuleManager: Shutting down and abandoning module Paper2DEditor (77)
[2014.09.19-16.45.10:176][100]LogModuleManager: Shutting down and abandoning module SpeedTreeImporter (76)
[2014.09.19-16.45.10:176][100]LogModuleManager: Shutting down and abandoning module PluginsEditor (75)
[2014.09.19-16.45.10:176][100]LogModuleManager: Shutting down and abandoning module MainFrame (74)
[2014.09.19-16.45.10:176][100]LogModuleManager: Shutting down and abandoning module EpicSurvey (73)
[2014.09.19-16.45.10:176][100]LogModuleManager: Shutting down and abandoning module VisualStudioSourceCodeAccess (72)
[2014.09.19-16.45.10:176][100]LogModuleManager: Shutting down and abandoning module UObjectPlugin (71)
[2014.09.19-16.45.10:176][100]LogModuleManager: Shutting down and abandoning module SubversionSourceControl (70)
[2014.09.19-16.45.10:176][100]LogModuleManager: Shutting down and abandoning module SourceControl (69)
[2014.09.19-16.45.10:176][100]LogModuleManager: Shutting down and abandoning module PerforceSourceControl (68)
[2014.09.19-16.45.10:176][100]LogModuleManager: Shutting down and abandoning module BlankPlugin (67)
[2014.09.19-16.45.10:176][100]LogModuleManager: Shutting down and abandoning module ScriptPlugin (66)
[2014.09.19-16.45.10:176][100]LogModuleManager: Shutting down and abandoning module UdpMessaging (65)
[2014.09.19-16.45.10:277][100]LogModuleManager: Shutting down and abandoning module Paper2D (64)
[2014.09.19-16.45.10:277][100]LogModuleManager: Shutting down and abandoning module WindowsMoviePlayer (63)
[2014.09.19-16.45.10:280][100]LogModuleManager: Shutting down and abandoning module ImageWrapper (62)
[2014.09.19-16.45.10:280][100]LogModuleManager: Shutting down and abandoning module OnlineBlueprintSupport (61)
[2014.09.19-16.45.10:280][100]LogModuleManager: Shutting down and abandoning module FunctionalTesting (60)
[2014.09.19-16.45.10:280][100]LogModuleManager: Shutting down and abandoning module CollisionAnalyzer (59)
[2014.09.19-16.45.10:280][100]LogModuleManager: Shutting down and abandoning module WorkspaceMenuStructure (58)
[2014.09.19-16.45.10:280][100]LogModuleManager: Shutting down and abandoning module MessageLog (57)
[2014.09.19-16.45.10:280][100]LogModuleManager: Shutting down and abandoning module UMGEditor (56)
[2014.09.19-16.45.10:280][100]LogModuleManager: Shutting down and abandoning module UMG (55)
[2014.09.19-16.45.10:280][100]LogModuleManager: Shutting down and abandoning module Slate (54)
[2014.09.19-16.45.10:280][100]LogModuleManager: Shutting down and abandoning module EditorStyle (53)
[2014.09.19-16.45.10:282][100]LogModuleManager: Shutting down and abandoning module SessionServices (52)
[2014.09.19-16.45.10:282][100]LogModuleManager: Shutting down and abandoning module SourceCodeAccess (51)
[2014.09.19-16.45.10:282][100]LogModuleManager: Shutting down and abandoning module HeadMountedDisplay (50)
[2014.09.19-16.45.10:282][100]LogModuleManager: Shutting down and abandoning module XAudio2 (49)
[2014.09.19-16.45.10:282][100]LogModuleManager: Shutting down and abandoning module Networking (47)
[2014.09.19-16.45.10:282][100]LogModuleManager: Shutting down and abandoning module Core (46)
[2014.09.19-16.45.10:282][100]LogModuleManager: Shutting down and abandoning module KismetCompiler (45)
[2014.09.19-16.45.10:282][100]LogModuleManager: Shutting down and abandoning module PhysXFormats (44)
[2014.09.19-16.45.10:282][100]LogModuleManager: Shutting down and abandoning module MeshUtilities (43)
[2014.09.19-16.45.10:282][100]LogModuleManager: Shutting down and abandoning module DerivedDataCache (42)
[2014.09.19-16.45.10:308][100]LogDerivedDataCache: Shutdown
[2014.09.19-16.45.10:308][100]LogModuleManager: Shutting down and abandoning module ShaderFormatOpenGL (41)
[2014.09.19-16.45.10:308][100]LogModuleManager: Shutting down and abandoning module ShaderFormatD3D (40)
[2014.09.19-16.45.10:308][100]LogModuleManager: Shutting down and abandoning module MetalShaderFormat (39)
[2014.09.19-16.45.10:308][100]LogModuleManager: Shutting down and abandoning module TextureFormatUncompressed (38)
[2014.09.19-16.45.10:308][100]LogModuleManager: Shutting down and abandoning module TextureFormatPVR (37)
[2014.09.19-16.45.10:308][100]LogModuleManager: Shutting down and abandoning module TextureFormatDXT (36)
[2014.09.19-16.45.10:308][100]LogModuleManager: Shutting down and abandoning module TextureFormatAndroid (35)
[2014.09.19-16.45.10:308][100]LogModuleManager: Shutting down and abandoning module AudioFormatOpus (34)
[2014.09.19-16.45.10:308][100]LogModuleManager: Shutting down and abandoning module AudioFormatOgg (33)
[2014.09.19-16.45.10:308][100]LogModuleManager: Shutting down and abandoning module AudioFormatADPCM (32)
[2014.09.19-16.45.10:308][100]LogModuleManager: Shutting down and abandoning module Messaging (31)
[2014.09.19-16.45.10:308][100]LogModuleManager: Shutting down and abandoning module IOSTargetPlatform (30)
[2014.09.19-16.45.10:308][100]LogModuleManager: Shutting down and abandoning module Android_PVRTCTargetPlatform (29)
[2014.09.19-16.45.10:308][100]LogModuleManager: Shutting down and abandoning module Android_ETC2TargetPlatform (28)
[2014.09.19-16.45.10:308][100]LogModuleManager: Shutting down and abandoning module Android_ETC1TargetPlatform (27)
[2014.09.19-16.45.10:308][100]LogModuleManager: Shutting down and abandoning module Android_DXTTargetPlatform (26)
[2014.09.19-16.45.10:308][100]LogModuleManager: Shutting down and abandoning module Android_ATCTargetPlatform (25)
[2014.09.19-16.45.10:308][100]LogModuleManager: Shutting down and abandoning module AndroidTargetPlatform (24)
[2014.09.19-16.45.10:308][100]LogModuleManager: Shutting down and abandoning module WindowsTargetPlatform (23)
[2014.09.19-16.45.10:308][100]LogModuleManager: Shutting down and abandoning module WindowsServerTargetPlatform (22)
[2014.09.19-16.45.10:308][100]LogModuleManager: Shutting down and abandoning module WindowsNoEditorTargetPlatform (21)
[2014.09.19-16.45.10:308][100]LogModuleManager: Shutting down and abandoning module WindowsClientTargetPlatform (20)
[2014.09.19-16.45.10:308][100]LogModuleManager: Shutting down and abandoning module TargetPlatform (19)
[2014.09.19-16.45.10:308][100]LogModuleManager: Shutting down and abandoning module InputCore (18)
[2014.09.19-16.45.10:308][100]LogModuleManager: Shutting down and abandoning module Settings (17)
[2014.09.19-16.45.10:308][100]LogModuleManager: Shutting down and abandoning module ExampleDeviceProfileSelector (14)
[2014.09.19-16.45.10:308][100]LogModuleManager: Shutting down and abandoning module OculusRift (13)
[2014.09.19-16.45.10:308][100]LogModuleManager: Shutting down and abandoning module TextureCompressor (12)
[2014.09.19-16.45.10:308][100]LogModuleManager: Shutting down and abandoning module ShaderCore (11)
[2014.09.19-16.45.10:308][100]LogModuleManager: Shutting down and abandoning module OpenGLDrv (10)
[2014.09.19-16.45.10:308][100]LogModuleManager: Shutting down and abandoning module D3D11RHI (9)
[2014.09.19-16.45.10:308][100]LogModuleManager: Shutting down and abandoning module SlateRHIRenderer (8)
[2014.09.19-16.45.10:308][100]LogModuleManager: Shutting down and abandoning module Renderer (7)
[2014.09.19-16.45.10:308][100]LogModuleManager: Shutting down and abandoning module Engine (6)
[2014.09.19-16.45.10:308][100]LogModuleManager: Shutting down and abandoning module CoreUObject (5)
[2014.09.19-16.45.10:308][100]LogModuleManager: Shutting down and abandoning module NetworkFile (4)
[2014.09.19-16.45.10:308][100]LogModuleManager: Shutting down and abandoning module StreamingFile (3)
[2014.09.19-16.45.10:308][100]LogModuleManager: Shutting down and abandoning module SandboxFile (2)
[2014.09.19-16.45.10:308][100]LogModuleManager: Shutting down and abandoning module PakFile (1)
[2014.09.19-16.45.10:309][100]LogExit: Exiting.
[2014.09.19-16.45.10:318][100]Log file closed, 09/20/14 00:45:10
