Log file open, 09/21/14 22:10:28
LogInit:Display: Running engine for game: ThirdPerson5
LogInit: Version: 4.4.3-2296771+++depot+UE4-Releases+4.4
LogInit: API Version: 2255576
LogInit: Compiled (64-bit): Sep 13 2014 22:30:58
LogInit: Build Configuration: Development
LogInit: Branch Name: ++depot+UE4-Releases+4.4
LogInit: Command line:  
LogInit: Base directory: C:/Program Files/Unreal Engine/4.4/Engine/Binaries/Win64/
LogInit: Rocket: 1
[2014.09.21-14.10.28:939][  0]LogTaskGraph: Started task graph with 3 named threads and 4 total threads.
[2014.09.21-14.10.28:975][  0]LogOnline:Warning: No default platform service specified for OnlineSubsystem
[2014.09.21-14.10.29:063][  0]LogInit: Presizing for 0 objects not considered by GC, pre-allocating 0 bytes.
[2014.09.21-14.10.29:070][  0]LogInit: Object subsystem initialized
[2014.09.21-14.10.29:072][  0]LogInit: Selected Device Profile: [Windows]
[2014.09.21-14.10.29:072][  0]LogInit: Applying CVar settings loaded from the selected device profile: [Windows]
[2014.09.21-14.10.29:103][  0]LogInit: Computer: ALIENWAREM14X
[2014.09.21-14.10.29:103][  0]LogInit: User: benjamin
[2014.09.21-14.10.29:105][  0]LogInit: CPU Page size=4096, Cores=4
[2014.09.21-14.10.29:105][  0]LogInit: High frequency timer resolution =2.630626 MHz
[2014.09.21-14.10.29:106][  0]LogMemory: Memory total: Physical=15.7GB (16GB approx) Virtual=131072.0GB
[2014.09.21-14.10.29:106][  0]LogMemory: Platform Memory Stats for Windows
[2014.09.21-14.10.29:106][  0]LogMemory: Process Physical Memory: 59.21 MB used, 59.21 MB peak
[2014.09.21-14.10.29:106][  0]LogMemory: Process Virtual Memory: 38.26 MB used, 38.26 MB peak
[2014.09.21-14.10.29:106][  0]LogMemory: Physical Memory: 8073.03 MB used, 16101.02 MB total
[2014.09.21-14.10.29:106][  0]LogMemory: Virtual Memory: 271.66 MB used, 134217728.00 MB total
[2014.09.21-14.10.29:160][  0]LogD3D11RHI: Found D3D11 adapter 0: Intel(R) HD Graphics 4600 (Feature Level 11_0)
[2014.09.21-14.10.29:160][  0]LogD3D11RHI: Adapter has 32MB of dedicated video memory, 0MB of dedicated system memory, and 1760MB of shared system memory, 1 output[s]
[2014.09.21-14.10.29:182][  0]LogD3D11RHI: Found D3D11 adapter 1: NVIDIA GeForce GTX 765M       (Feature Level 11_0)
[2014.09.21-14.10.29:183][  0]LogD3D11RHI: Adapter has 1985MB of dedicated video memory, 0MB of dedicated system memory, and 2048MB of shared system memory, 0 output[s]
[2014.09.21-14.10.29:185][  0]LogD3D11RHI: Found D3D11 adapter 2: Microsoft Basic Render Driver (Feature Level 11_0)
[2014.09.21-14.10.29:185][  0]LogD3D11RHI: Adapter has 0MB of dedicated video memory, 0MB of dedicated system memory, and 256MB of shared system memory, 0 output[s]
[2014.09.21-14.10.29:185][  0]LogD3D11RHI: Chosen D3D11 Adapter Id = 0
[2014.09.21-14.10.29:192][  0]LogRHI: Texture pool is 1361 MB (70% of 1945 MB)
[2014.09.21-14.10.29:210][  0]LogD3D11RHI: Async texture creation enabled
[2014.09.21-14.10.29:598][  0]LogContentStreaming: Texture pool size is 0.000000MB
[2014.09.21-14.10.32:230][  0]LogTargetPlatformManager:Display: Building Assets For Windows
[2014.09.21-14.10.32:924][  0]LogTargetPlatformManager:Display: Building Assets For Windows
[2014.09.21-14.10.32:992][  0]LogDerivedDataCache:Display: Max Cache Size: 512 MB
[2014.09.21-14.10.33:132][  0]LogDerivedDataCache: Loaded boot cache 0.14s 39MB C:/Users/benjamin/AppData/Local/UnrealEngine/4.4/DerivedDataCache/Boot.ddc.
[2014.09.21-14.10.33:132][  0]LogDerivedDataCache:Display: Loaded Boot cache: C:/Users/benjamin/AppData/Local/UnrealEngine/4.4/DerivedDataCache/Boot.ddc
[2014.09.21-14.10.33:133][  0]LogDerivedDataCache: FDerivedDataBackendGraph:  Pak pak cache file ../../../../../../GitHub/UnrealEngineLearning/ThirdPerson5/DerivedDataCache/DDC.ddp not found, will not use a pak cache.
[2014.09.21-14.10.33:133][  0]LogDerivedDataCache: Unable to find inner node Pak for hierarchical cache Hierarchy.
[2014.09.21-14.10.33:150][  0]LogDerivedDataCache:Display: Pak cache opened for reading ../../../Engine/DerivedDataCache/DDC.ddp.
[2014.09.21-14.10.33:164][  0]LogDerivedDataCache: Using Local data cache path C:/Users/benjamin/AppData/Local/UnrealEngine/4.4/DerivedDataCache: Writable
[2014.09.21-14.10.33:383][  0]LogMeshUtilities: No automatic mesh reduction module available
[2014.09.21-14.10.33:383][  0]LogMeshUtilities: No automatic mesh merging module available
[2014.09.21-14.10.33:820][  0]LogInit: WinSock: version 1.1 (2.2), MaxSocks=32767, MaxUdp=65467
[2014.09.21-14.10.35:713][  0]LogStats:Warning: MetaData mismatch. Did you assign a stat to two groups? New //STATGROUP_Threads//FMonitoredProcess///Thread_bf8_0///////STATCAT_Advanced//// old //STATGROUP_Threads//FMonitoredProcess///Thread_3128_0///////STATCAT_Advanced////
[2014.09.21-14.10.35:713][  0]UdpMessaging: Initializing bridge on interface 0.0.0.0:0 to multicast group 230.0.0.1:6666.
[2014.09.21-14.10.35:944][  0]SourceControl: Info Source control is disabled
[2014.09.21-14.10.35:944][  0]SourceControl: Info Source control is disabled
[2014.09.21-14.10.35:955][  0]SourceControl: Info Source control is disabled
[2014.09.21-14.10.36:427][  0]BlueprintLog: New page: Editor Load
[2014.09.21-14.10.36:725][  0]LogObj: 21438 objects as part of root set at end of initial load.
[2014.09.21-14.10.36:725][  0]LogUObjectAllocator: 4218656 out of 0 bytes used by permanent object pool.
[2014.09.21-14.10.36:935][  0]LogEngine: Initializing Engine...
[2014.09.21-14.10.37:045][  0]LogInit: XAudio2 using 'Speakers (Realtek High Definition Audio)' : 2 channels at 48 kHz using 32 bits per sample (channel mask 0x3)
[2014.09.21-14.10.37:061][  0]LogInit: FAudioDevice initialized.
[2014.09.21-14.10.37:088][  0]LogAIModule: Creating AISystem for world NewWorld
[2014.09.21-14.10.37:109][  0]LogDerivedDataCache: Saved boot cache 0.02s 39MB C:/Users/benjamin/AppData/Local/UnrealEngine/4.4/DerivedDataCache/Boot.ddc.
[2014.09.21-14.10.37:112][  0]LogInit: Texture streaming: Enabled
[2014.09.21-14.10.37:220][  0]LogInit: Transaction tracking system initialized
[2014.09.21-14.10.37:493][  0]LogAssetRegistry: FAssetRegistry took 0.0107 seconds to start up
[2014.09.21-14.10.38:435][  0]LogTargetPlatformManager:Display: Building Assets For Windows
[2014.09.21-14.10.38:809][  0]LogTargetPlatformManager:Display: Building Assets For Windows
[2014.09.21-14.10.39:164][  0]LogConsoleResponse:Display: 
[2014.09.21-14.10.39:509][  0]LogStats:Warning: MetaData mismatch. Did you assign a stat to two groups? New //STATGROUP_Threads//FMonitoredProcess///Thread_18b0_0///////STATCAT_Advanced//// old //STATGROUP_Threads//FMonitoredProcess///Thread_3128_0///////STATCAT_Advanced////
[2014.09.21-14.10.39:509][  0]LogStats:Warning: MetaData mismatch. Did you assign a stat to two groups? New //STATGROUP_Threads//FMonitoredProcess///Thread_1b38_0///////STATCAT_Advanced//// old //STATGROUP_Threads//FMonitoredProcess///Thread_3128_0///////STATCAT_Advanced////
[2014.09.21-14.10.39:509][  0]SourceControl: Info Source control is disabled
[2014.09.21-14.10.39:509][  0]Cmd: MAP LOAD FILE="../../../../../../GitHub/UnrealEngineLearning/ThirdPerson5/Content/Maps/Minimal_Default.umap" TEMPLATE=0 SHOWPROGRESS=1
[2014.09.21-14.10.39:510][  0]LightingResults: New page: Lighting Build
[2014.09.21-14.10.39:523][  0]MapCheck: New page: Map Check
[2014.09.21-14.10.39:523][  0]LightingResults: New page: Lighting Build
[2014.09.21-14.10.39:536][  0]LogParticles: Destroying 0 GPU particle simulations for FXSystem 0x00000098AB91C860
[2014.09.21-14.10.39:715][  0]LogBlueprint:Warning: [CharacterterAnimBP] CreatePinForVariable: 'IsPunching?' variable not found. Base class was probably changed.
[2014.09.21-14.10.39:729][  0]LogBlueprint:Warning: [compiler] Warning Unable to find variable with name 'IsPunching?' for  Get IsPunching? 
[2014.09.21-14.10.39:730][  0]LogBlueprint:Error: [compiler] Error The property associated with  IsPunching?  could not be found
[2014.09.21-14.10.39:731][  0]LogBlueprint:Warning: [compiler] Warning [0013.22] Compile of CharacterterAnimBP failed. 1 Fatal Issue(s) 1 Warning(s) [in 7 ms]
[2014.09.21-14.10.39:789][  0]LoadErrors:Error: Error Failed import: BoolProperty /Game/Character/MyCharacter.MyCharacter_C:IsPunching?  in /Game/Character/CharacterterAnimBP
[2014.09.21-14.10.39:975][  0]LogEditorServer: Finished looking for orphan Actors (0.000 secs)
[2014.09.21-14.10.39:975][  0]LogAIModule: Creating AISystem for world Minimal_Default
[2014.09.21-14.10.39:975][  0]Cmd: MAP CHECKDEP
[2014.09.21-14.10.39:975][  0]MapCheck: New page: Minimal_Default - Sep 22, 2014, 6:10:39 AM
[2014.09.21-14.10.40:150][  0]MapCheck: Info ========== Map Check: 0 Error(s), 0 Warning(s), [174.799ms] ==========
[2014.09.21-14.10.40:150][  0]LogFileHelpers: Loading map 'Minimal_Default' took 0.641
[2014.09.21-14.10.40:298][  0]LogCollectionManager: Loaded 0 collections in 0.001823 seconds
[2014.09.21-14.10.40:463][  0]LogCrashTracker: Crashtracker disabled due to settings.
[2014.09.21-14.10.40:529][  0]LogLoad: Full Startup: 14.02 seconds (BP compile: 0.12 seconds)
[2014.09.21-14.10.40:554][  0]LogContentBrowser:Verbose: The content browser source was changed by the sources view to '/Game/Character'
[2014.09.21-14.10.40:738][  0]LogRenderer:Warning: Reallocating scene render targets to support 1136x888.
[2014.09.21-14.10.41:004][  2]LogAssetRegistry: Asset discovery search completed in 3.5220 seconds
[2014.09.21-14.10.52:368][508]LogSkeletalMesh: InitArticulated: Bodies already created (/Engine/Transient.DebugSkelMeshComponent_0) - call TermArticulated first.
[2014.09.21-14.10.58:522][763]BlueprintLog: New page: Compile CharacterterAnimBP
[2014.09.21-14.10.58:629][763]LogActorComponent: UnregisterComponent: (/Engine/Transient.CharacterMovementComponent_0) Not registered. Aborting.
[2014.09.21-14.10.58:670][763]BlueprintEditorCompileResults: Info [0032.05] Compile of CharacterterAnimBP successful! [in 7 ms]
[2014.09.21-14.11.01:109][854]LogContentBrowser:Verbose: The majority of assets in the view are of type: AnimSequence
[2014.09.21-14.11.12:064][304]LogParticles: Destroying 0 GPU particle simulations for FXSystem 0x00000098B191F4C0
[2014.09.21-14.11.12:105][304]Cmd: OBJ SAVEPACKAGE PACKAGE="/Game/Character/PunchingMontage" FILE="../../../../../../GitHub/UnrealEngineLearning/ThirdPerson5/Content/Character/PunchingMontage.uasset" SILENT=true
[2014.09.21-14.11.12:384][304]LogSavePackage: Save=254.833267ms
[2014.09.21-14.11.12:384][304]LogSavePackage: Moving '../../../../../../GitHub/UnrealEngineLearning/ThirdPerson5/Saved/PunchingMontage7355C760432B0197EEF1B695D2A8ECA4.tmp' to '../../../../../../GitHub/UnrealEngineLearning/ThirdPerson5/Content/Character/PunchingMontage.uasset'
[2014.09.21-14.13.25:975][259]LogSlate:Warning: GetFontFace failed to load or process 'Roboto-Regular'
[2014.09.21-14.13.25:975][259]LogSlate:Warning: GetFontFace failed to load or process 'Roboto-Regular'
[2014.09.21-14.13.25:978][259]LogSlate:Warning: GetFontFace failed to load or process 'Roboto-Regular'
[2014.09.21-14.13.25:978][259]LogSlate:Warning: GetFontFace failed to load or process 'Roboto-Regular'
[2014.09.21-14.13.25:978][259]LogSlate:Warning: GetFontFace failed to load or process 'Roboto-Regular'
[2014.09.21-14.13.25:978][259]LogSlate:Warning: GetFontFace failed to load or process 'Roboto-Regular'
[2014.09.21-14.13.25:979][259]LogSlate:Warning: GetFontFace failed to load or process 'Roboto-Regular'
[2014.09.21-14.13.25:979][259]LogSlate:Warning: GetFontFace failed to load or process 'Roboto-Regular'
[2014.09.21-14.13.25:979][259]LogSlate:Warning: GetFontFace failed to load or process 'Roboto-Regular'
[2014.09.21-14.13.25:979][259]LogSlate:Warning: GetFontFace failed to load or process 'Roboto-Regular'
[2014.09.21-14.13.25:979][259]LogSlate:Warning: GetFontFace failed to load or process 'Roboto-Regular'
[2014.09.21-14.13.25:979][259]LogSlate:Warning: GetFontFace failed to load or process 'Roboto-Regular'
[2014.09.21-14.13.25:979][259]LogSlate:Warning: GetFontFace failed to load or process 'Roboto-Regular'
[2014.09.21-14.13.25:979][259]LogSlate:Warning: GetFontFace failed to load or process 'Roboto-Regular'
[2014.09.21-14.13.25:980][259]LogSlate:Warning: GetFontFace failed to load or process 'Roboto-Regular'
[2014.09.21-14.13.25:980][259]LogSlate:Warning: GetFontFace failed to load or process 'Roboto-Regular'
[2014.09.21-14.13.59:013][704]LogParticles: Destroying 0 GPU particle simulations for FXSystem 0x00000098A394E020
[2014.09.21-14.13.59:045][704]Cmd: OBJ SAVEPACKAGE PACKAGE="/Game/Character/CharacterterAnimBP" FILE="../../../../../../GitHub/UnrealEngineLearning/ThirdPerson5/Content/Character/CharacterterAnimBP.uasset" SILENT=true
[2014.09.21-14.13.59:345][704]LogSavePackage: Save=274.418701ms
[2014.09.21-14.13.59:345][704]LogSavePackage: Moving '../../../../../../GitHub/UnrealEngineLearning/ThirdPerson5/Saved/CharacterterAnimBP1147F0E84CE13126CC426AA174916135.tmp' to '../../../../../../GitHub/UnrealEngineLearning/ThirdPerson5/Content/Character/CharacterterAnimBP.uasset'
[2014.09.21-14.16.28:946][312]Cmd: OBJ SAVEPACKAGE PACKAGE="/Game/Character/CharacterterAnimBP" FILE="../../../../../../GitHub/UnrealEngineLearning/ThirdPerson5/Content/Character/CharacterterAnimBP.uasset" SILENT=true
[2014.09.21-14.16.29:239][312]LogSavePackage: Save=271.070068ms
[2014.09.21-14.16.29:239][312]LogSavePackage: Moving '../../../../../../GitHub/UnrealEngineLearning/ThirdPerson5/Saved/CharacterterAnimBP34B1FDBC4797A3093F3982A34E1BDA17.tmp' to '../../../../../../GitHub/UnrealEngineLearning/ThirdPerson5/Content/Character/CharacterterAnimBP.uasset'
[2014.09.21-14.16.39:829][755]BlueprintLog: New page: Compile CharacterterAnimBP
[2014.09.21-14.16.39:946][755]BlueprintEditorCompileResults: Info [0373.35] Compile of CharacterterAnimBP successful! [in 9 ms]
[2014.09.21-14.18.47:679][598]LogParticles: Destroying 0 GPU particle simulations for FXSystem 0x00000098A3B0D080
[2014.09.21-14.18.47:679][598]LogParticles: Destroying 0 GPU particle simulations for FXSystem 0x00000098B191F880
[2014.09.21-14.20.02:926][662]LogSkeletalMesh: InitArticulated: Bodies already created (/Engine/Transient.DebugSkelMeshComponent_4) - call TermArticulated first.
[2014.09.21-14.21.38:016][633]LogSlate:Warning: GetFontFace failed to load or process 'Roboto-Regular'
[2014.09.21-14.21.38:017][633]LogSlate:Warning: GetFontFace failed to load or process 'Roboto-Regular'
[2014.09.21-14.21.38:017][633]LogSlate:Warning: GetFontFace failed to load or process 'Roboto-Regular'
[2014.09.21-14.21.38:017][633]LogSlate:Warning: GetFontFace failed to load or process 'Roboto-Regular'
[2014.09.21-14.21.38:017][633]LogSlate:Warning: GetFontFace failed to load or process 'Roboto-Regular'
[2014.09.21-14.21.38:017][633]LogSlate:Warning: GetFontFace failed to load or process 'Roboto-Regular'
[2014.09.21-14.21.46:716][886]LogActorComponent: UnregisterComponent: (/Engine/Transient.CharacterMovementComponent_1) Not registered. Aborting.
[2014.09.21-14.21.46:741][886]LogFileHelpers: Editor autosave (incl. sublevels) for '/Game/Maps/Minimal_Default' took 0.025
[2014.09.21-14.21.46:755][886]OBJ SavePackage: Generating thumbnails for [1] asset(s) in package [/Game/Character/CharacterterAnimBP] ([1] browsable assets)...
[2014.09.21-14.21.46:791][886]OBJ SavePackage:     Rendered thumbnail for [AnimBlueprint /Game/Character/CharacterterAnimBP.CharacterterAnimBP]
[2014.09.21-14.21.46:791][886]OBJ SavePackage: Finished generating thumbnails for package [/Game/Character/CharacterterAnimBP]
[2014.09.21-14.21.47:134][886]LogSavePackage: Save=298.956970ms
[2014.09.21-14.21.47:134][886]LogSavePackage: Moving '../../../../../../GitHub/UnrealEngineLearning/ThirdPerson5/Saved/CharacterterAnimBP_Auto165D2B54D46FF716F0794CD9EF1478EEE.tmp' to '../../../../../../GitHub/UnrealEngineLearning/ThirdPerson5/Saved/Autosaves/Game/Character/CharacterterAnimBP_Auto1.uasset'
[2014.09.21-14.21.47:149][886]LogFileHelpers: Auto-saving content packages took 0.408
[2014.09.21-14.22.24:619][ 41]LogContentBrowser:Verbose: The majority of assets in the view are of type: AnimSequence
[2014.09.21-14.22.42:339][637]LogParticles: Destroying 0 GPU particle simulations for FXSystem 0x00000098B1DBE8E0
[2014.09.21-14.22.42:339][637]LogParticles: Destroying 0 GPU particle simulations for FXSystem 0x00000098A1F28680
[2014.09.21-14.22.42:382][637]Cmd: OBJ SAVEPACKAGE PACKAGE="/Game/Character/CharacterterAnimBP" FILE="../../../../../../GitHub/UnrealEngineLearning/ThirdPerson5/Content/Character/CharacterterAnimBP.uasset" SILENT=true
[2014.09.21-14.22.42:678][637]LogSavePackage: Save=274.309235ms
[2014.09.21-14.22.42:678][637]LogSavePackage: Moving '../../../../../../GitHub/UnrealEngineLearning/ThirdPerson5/Saved/CharacterterAnimBPA0B5B26B46426A6E22C4539A007034FC.tmp' to '../../../../../../GitHub/UnrealEngineLearning/ThirdPerson5/Content/Character/CharacterterAnimBP.uasset'
[2014.09.21-14.22.42:692][637]Cmd: OBJ SAVEPACKAGE PACKAGE="/Game/Character/HeroTPP_Skeleton" FILE="../../../../../../GitHub/UnrealEngineLearning/ThirdPerson5/Content/Character/HeroTPP_Skeleton.uasset" SILENT=true
[2014.09.21-14.22.42:725][637]LogSavePackage: Save=7.251126ms
[2014.09.21-14.22.42:725][637]LogSavePackage: Moving '../../../../../../GitHub/UnrealEngineLearning/ThirdPerson5/Saved/HeroTPP_Skeleton48E9548B4D3EF39A1BDF5DA6A54E0DD9.tmp' to '../../../../../../GitHub/UnrealEngineLearning/ThirdPerson5/Content/Character/HeroTPP_Skeleton.uasset'
[2014.09.21-14.24.05:904][  9]BlueprintLog: New page: Compile CharacterterAnimBP
[2014.09.21-14.24.06:013][  9]BlueprintEditorCompileResults: Info [0819.43] Compile of CharacterterAnimBP successful! [in 9 ms]
[2014.09.21-14.24.09:063][118]Cmd: OBJ SAVEPACKAGE PACKAGE="/Game/Character/CharacterterAnimBP" FILE="../../../../../../GitHub/UnrealEngineLearning/ThirdPerson5/Content/Character/CharacterterAnimBP.uasset" SILENT=true
[2014.09.21-14.24.09:356][118]LogSavePackage: Save=268.680908ms
[2014.09.21-14.24.09:356][118]LogSavePackage: Moving '../../../../../../GitHub/UnrealEngineLearning/ThirdPerson5/Saved/CharacterterAnimBPBC3E7185463984781079129DA8641492.tmp' to '../../../../../../GitHub/UnrealEngineLearning/ThirdPerson5/Content/Character/CharacterterAnimBP.uasset'
[2014.09.21-14.24.13:093][289]LogPlayLevel: PIE:  No blueprints needed recompiling
[2014.09.21-14.24.13:093][289]PIE: New page: PIE session: Minimal_Default (Sep 22, 2014, 6:24:13 AM)
[2014.09.21-14.24.13:099][289]LogPlayLevel: PIE: StaticDuplicateObject took: (0.005864s)
[2014.09.21-14.24.13:100][289]LogPlayLevel: PIE: World Init took: (0.000922s)
[2014.09.21-14.24.13:100][289]LogPlayLevel: PIE: Created PIE world by copying editor world from /Game/Maps/Minimal_Default.Minimal_Default to /Game/Maps/UEDPIE_0_Minimal_Default.Minimal_Default (0.007090s)
[2014.09.21-14.24.13:156][289]LogWorld: Game class is 'MyGame_C'
[2014.09.21-14.24.13:157][289]LogAIModule: Creating AISystem for world Minimal_Default
[2014.09.21-14.24.13:158][289]LogWorld: Bringing World /Game/Maps/UEDPIE_0_Minimal_Default.Minimal_Default up for play (max tick rate 60) at 2014.09.21-22.24.13
[2014.09.21-14.24.13:158][289]LogWorld: Bringing up level for play took: 0.001307
[2014.09.21-14.24.13:161][289]PIE: Info Play in editor start time for /Game/Maps/UEDPIE_0_Minimal_Default 0.309
[2014.09.21-14.24.21:979][804]LogParticles: Destroying 0 GPU particle simulations for FXSystem 0x00000098B7F7A3E0
[2014.09.21-14.24.21:979][804]LogParticles: Destroying 0 GPU particle simulations for FXSystem 0x00000098B1394A40
[2014.09.21-14.24.22:002][805]LogParticles: Destroying 0 GPU particle simulations for FXSystem 0x00000098A1EDBC40
[2014.09.21-14.25.34:822][807]LogSkeletalMesh: InitArticulated: Bodies already created (/Engine/Transient.DebugSkelMeshComponent_8) - call TermArticulated first.
[2014.09.21-14.28.07:400][304]LogActorComponent: UnregisterComponent: (/Engine/Transient.CharacterMovementComponent_2) Not registered. Aborting.
[2014.09.21-14.28.07:463][304]Cmd: OBJ SAVEPACKAGE PACKAGE="/Game/Character/CharacterterAnimBP" FILE="../../../../../../GitHub/UnrealEngineLearning/ThirdPerson5/Content/Character/CharacterterAnimBP.uasset" SILENT=true
[2014.09.21-14.28.07:770][304]LogSavePackage: Save=280.450348ms
[2014.09.21-14.28.07:770][304]LogSavePackage: Moving '../../../../../../GitHub/UnrealEngineLearning/ThirdPerson5/Saved/CharacterterAnimBP2236DCF94DA69463BC932D9ED5523DE5.tmp' to '../../../../../../GitHub/UnrealEngineLearning/ThirdPerson5/Content/Character/CharacterterAnimBP.uasset'
[2014.09.21-14.42.36:716][527]LogFileHelpers: Editor autosave (incl. sublevels) for '/Game/Maps/Minimal_Default' took 0.022
[2014.09.21-14.42.36:731][527]OBJ SavePackage: Generating thumbnails for [1] asset(s) in package [/Game/Character/CharacterterAnimBP] ([1] browsable assets)...
[2014.09.21-14.42.36:768][527]OBJ SavePackage:     Rendered thumbnail for [AnimBlueprint /Game/Character/CharacterterAnimBP.CharacterterAnimBP]
[2014.09.21-14.42.36:768][527]OBJ SavePackage: Finished generating thumbnails for package [/Game/Character/CharacterterAnimBP]
[2014.09.21-14.42.37:131][527]LogSavePackage: Save=299.216217ms
[2014.09.21-14.42.37:131][527]LogSavePackage: Moving '../../../../../../GitHub/UnrealEngineLearning/ThirdPerson5/Saved/CharacterterAnimBP_Auto24942C0A148C574D077D9DD8CEE2B7313.tmp' to '../../../../../../GitHub/UnrealEngineLearning/ThirdPerson5/Saved/Autosaves/Game/Character/CharacterterAnimBP_Auto2.uasset'
[2014.09.21-14.42.37:149][527]LogFileHelpers: Auto-saving content packages took 0.433
[2014.09.21-14.44.55:218][682]LogUObjectGlobals:Warning: Failed to find object 'Object None.'
[2014.09.21-14.44.55:218][682]LogUObjectGlobals:Warning: Failed to find object 'Object None.'
[2014.09.21-14.44.55:219][682]LogUObjectGlobals:Warning: Failed to find object 'Object None.'
[2014.09.21-14.44.55:219][682]LogProperty:Warning: ObjectProperty /Script/Engine.EdGraphPin:LinkedTo.LinkedTo: unresolved reference to 'EdGraphPin'"K2Node_CallFunction_15613.EdGraphPin_5627"''
[2014.09.21-14.44.55:219][682]LogProperty:Warning: ObjectProperty /Script/Engine.EdGraphPin:LinkedTo.LinkedTo: unresolved reference to 'EdGraphPin'"K2Node_VariableGet_91.EdGraphPin_5625"''
[2014.09.21-14.45.54:926][916]BlueprintLog: New page: Compile CharacterterAnimBP
[2014.09.21-14.45.55:052][916]BlueprintEditorCompileResults: Info [2128.45] Compile of CharacterterAnimBP successful! [in 10 ms]
[2014.09.21-14.45.57:646][ 31]LogPlayLevel: PIE:  No blueprints needed recompiling
[2014.09.21-14.45.57:646][ 31]PIE: New page: PIE session: Minimal_Default (Sep 22, 2014, 6:45:57 AM)
[2014.09.21-14.45.57:652][ 31]LogPlayLevel: PIE: StaticDuplicateObject took: (0.005839s)
[2014.09.21-14.45.57:654][ 31]LogPlayLevel: PIE: World Init took: (0.001550s)
[2014.09.21-14.45.57:654][ 31]LogPlayLevel: PIE: Created PIE world by copying editor world from /Game/Maps/Minimal_Default.Minimal_Default to /Game/Maps/UEDPIE_0_Minimal_Default.Minimal_Default (0.007606s)
[2014.09.21-14.45.57:686][ 31]LogWorld: Game class is 'MyGame_C'
[2014.09.21-14.45.57:687][ 31]LogAIModule: Creating AISystem for world Minimal_Default
[2014.09.21-14.45.57:688][ 31]LogWorld: Bringing World /Game/Maps/UEDPIE_0_Minimal_Default.Minimal_Default up for play (max tick rate 60) at 2014.09.21-22.45.57
[2014.09.21-14.45.57:689][ 31]LogWorld: Bringing up level for play took: 0.001227
[2014.09.21-14.45.57:690][ 31]PIE: Info Play in editor start time for /Game/Maps/UEDPIE_0_Minimal_Default 0.839
[2014.09.21-14.46.08:957][695]LogParticles: Destroying 0 GPU particle simulations for FXSystem 0x00000098BA0BAAC0
[2014.09.21-14.46.08:958][695]LogParticles: Destroying 0 GPU particle simulations for FXSystem 0x00000098A1F2B560
[2014.09.21-14.46.08:976][696]LogParticles: Destroying 0 GPU particle simulations for FXSystem 0x00000098BA0B9080
[2014.09.21-14.46.26:793][673]LogSkeletalMesh: InitArticulated: Bodies already created (/Engine/Transient.DebugSkelMeshComponent_10) - call TermArticulated first.
[2014.09.21-14.46.28:681][731]LogActorComponent: UnregisterComponent: (/Engine/Transient.CharacterMovementComponent_3) Not registered. Aborting.
[2014.09.21-14.46.28:738][731]Cmd: OBJ SAVEPACKAGE PACKAGE="/Game/Character/CharacterterAnimBP" FILE="../../../../../../GitHub/UnrealEngineLearning/ThirdPerson5/Content/Character/CharacterterAnimBP.uasset" SILENT=true
[2014.09.21-14.46.29:039][731]LogSavePackage: Save=276.480194ms
[2014.09.21-14.46.29:039][731]LogSavePackage: Moving '../../../../../../GitHub/UnrealEngineLearning/ThirdPerson5/Saved/CharacterterAnimBP9E617C9E4115A95B14AFF980659E0599.tmp' to '../../../../../../GitHub/UnrealEngineLearning/ThirdPerson5/Content/Character/CharacterterAnimBP.uasset'
[2014.09.21-14.46.30:578][794]LogParticles: Destroying 0 GPU particle simulations for FXSystem 0x00000098BEF12980
[2014.09.21-14.46.30:594][795]LogParticles: Destroying 0 GPU particle simulations for FXSystem 0x00000098A3A5E200
[2014.09.21-14.46.32:006][846]LogSkeletalMesh: InitArticulated: Bodies already created (/Engine/Transient.DebugSkelMeshComponent_12) - call TermArticulated first.
[2014.09.21-14.49.12:190][296]LogContentBrowser:Verbose: The majority of assets in the view are of type: AnimSequence
[2014.09.21-14.49.14:450][355]LogContentBrowser:Verbose: The majority of assets in the view are of type: AnimSequence
[2014.09.21-14.49.23:422][704]LogActorComponent: UnregisterComponent: (/Engine/Transient.CharacterMovementComponent_4) Not registered. Aborting.
[2014.09.21-14.49.23:449][704]LogParticles: Destroying 0 GPU particle simulations for FXSystem 0x00000098A1F0A980
[2014.09.21-14.49.23:449][704]LogParticles: Destroying 0 GPU particle simulations for FXSystem 0x00000098BA0B8CC0
[2014.09.21-14.49.23:449][704]LogParticles: Destroying 0 GPU particle simulations for FXSystem 0x00000098B5904180
[2014.09.21-14.49.23:449][704]LogParticles: Destroying 0 GPU particle simulations for FXSystem 0x00000098B5906520
[2014.09.21-14.49.23:500][704]Cmd: OBJ SAVEPACKAGE PACKAGE="/Game/Character/CharacterterAnimBP" FILE="../../../../../../GitHub/UnrealEngineLearning/ThirdPerson5/Content/Character/CharacterterAnimBP.uasset" SILENT=true
[2014.09.21-14.49.23:802][704]LogSavePackage: Save=274.725861ms
[2014.09.21-14.49.23:802][704]LogSavePackage: Moving '../../../../../../GitHub/UnrealEngineLearning/ThirdPerson5/Saved/CharacterterAnimBPFCCE2F9C45F8C386FC28DFA52229F69C.tmp' to '../../../../../../GitHub/UnrealEngineLearning/ThirdPerson5/Content/Character/CharacterterAnimBP.uasset'
[2014.09.21-14.50.32:335][447]LogSlate:Warning: GetFontFace failed to load or process 'Roboto-Regular'
[2014.09.21-14.50.32:335][447]LogSlate:Warning: GetFontFace failed to load or process 'Roboto-Regular'
[2014.09.21-14.50.32:335][447]LogSlate:Warning: GetFontFace failed to load or process 'Roboto-Regular'
[2014.09.21-14.50.32:335][447]LogSlate:Warning: GetFontFace failed to load or process 'Roboto-Regular'
[2014.09.21-14.50.32:336][447]LogSlate:Warning: GetFontFace failed to load or process 'Roboto-Regular'
[2014.09.21-14.50.32:336][447]LogSlate:Warning: GetFontFace failed to load or process 'Roboto-Regular'
[2014.09.21-14.51.44:935][365]LogUObjectGlobals:Warning: Failed to find object 'Object None.'
[2014.09.21-14.52.05:809][235]Cmd: OBJ SAVEPACKAGE PACKAGE="/Game/Character/CharacterterAnimBP" FILE="../../../../../../GitHub/UnrealEngineLearning/ThirdPerson5/Content/Character/CharacterterAnimBP.uasset" SILENT=true
[2014.09.21-14.52.06:112][235]LogSavePackage: Save=279.029785ms
[2014.09.21-14.52.06:112][235]LogSavePackage: Moving '../../../../../../GitHub/UnrealEngineLearning/ThirdPerson5/Saved/CharacterterAnimBP3DF9E83E4236543933A37C8018D49440.tmp' to '../../../../../../GitHub/UnrealEngineLearning/ThirdPerson5/Content/Character/CharacterterAnimBP.uasset'
[2014.09.21-14.52.07:118][273]BlueprintLog: New page: Compile CharacterterAnimBP
[2014.09.21-14.52.07:245][273]BlueprintEditorCompileResults: Info [2500.65] Compile of CharacterterAnimBP successful! [in 10 ms]
[2014.09.21-14.52.24:171][933]LogParticles: Destroying 0 GPU particle simulations for FXSystem 0x00000098B59067A0
[2014.09.21-14.52.24:183][934]LogParticles: Destroying 0 GPU particle simulations for FXSystem 0x00000098BEF136A0
[2014.09.21-14.52.26:123][ 41]LogPlayLevel: PIE:  No blueprints needed recompiling
[2014.09.21-14.52.26:123][ 41]PIE: New page: PIE session: Minimal_Default (Sep 22, 2014, 6:52:26 AM)
[2014.09.21-14.52.26:127][ 41]LogPlayLevel: PIE: StaticDuplicateObject took: (0.004213s)
[2014.09.21-14.52.26:128][ 41]LogPlayLevel: PIE: World Init took: (0.000947s)
[2014.09.21-14.52.26:128][ 41]LogPlayLevel: PIE: Created PIE world by copying editor world from /Game/Maps/Minimal_Default.Minimal_Default to /Game/Maps/UEDPIE_0_Minimal_Default.Minimal_Default (0.005383s)
[2014.09.21-14.52.26:163][ 41]LogWorld: Game class is 'MyGame_C'
[2014.09.21-14.52.26:164][ 41]LogAIModule: Creating AISystem for world Minimal_Default
[2014.09.21-14.52.26:165][ 41]LogWorld: Bringing World /Game/Maps/UEDPIE_0_Minimal_Default.Minimal_Default up for play (max tick rate 60) at 2014.09.21-22.52.26
[2014.09.21-14.52.26:165][ 41]LogWorld: Bringing up level for play took: 0.001190
[2014.09.21-14.52.26:167][ 41]PIE: Info Play in editor start time for /Game/Maps/UEDPIE_0_Minimal_Default -0.684
[2014.09.21-14.52.42:482][  9]LogParticles: Destroying 0 GPU particle simulations for FXSystem 0x00000098BEF10AE0
[2014.09.21-14.52.58:945][864]LogSkeletalMesh: InitArticulated: Bodies already created (/Engine/Transient.DebugSkelMeshComponent_18) - call TermArticulated first.
[2014.09.21-14.53.19:230][708]LogActorComponent: UnregisterComponent: (/Engine/Transient.CharacterMovementComponent_5) Not registered. Aborting.
[2014.09.21-14.53.19:733][709]Cmd: QUIT_EDITOR
[2014.09.21-14.53.19:863][709]LogWindowsTextInputMethodSystem:Error: Terminating failed while unadvising the language notification sink from the TSF source.
[2014.09.21-14.53.19:864][709]LogExit: Preparing to exit.
[2014.09.21-14.53.20:225][709]LogExit: Editor shut down
[2014.09.21-14.53.20:226][709]LogExit: Transaction tracking system shut down
[2014.09.21-14.53.20:227][709]LogParticles: Destroying 0 GPU particle simulations for FXSystem 0x00000098A1E68EA0
[2014.09.21-14.53.20:228][709]LogParticles: Destroying 0 GPU particle simulations for FXSystem 0x00000098B0BE8C20
[2014.09.21-14.53.20:228][709]LogParticles: Destroying 0 GPU particle simulations for FXSystem 0x00000098B1396160
[2014.09.21-14.53.20:228][709]LogParticles: Destroying 0 GPU particle simulations for FXSystem 0x00000098A3B0FF60
[2014.09.21-14.53.20:228][709]LogParticles: Destroying 0 GPU particle simulations for FXSystem 0x00000098A3B0FC40
[2014.09.21-14.53.20:228][709]LogParticles: Destroying 0 GPU particle simulations for FXSystem 0x00000098A3B0F920
[2014.09.21-14.53.20:252][709]LogParticles: Destroying 0 GPU particle simulations for FXSystem 0x00000098C3CD6980
[2014.09.21-14.53.20:252][709]LogParticles: Destroying 0 GPU particle simulations for FXSystem 0x00000098B4A876A0
[2014.09.21-14.53.20:252][709]LogExit: Object subsystem successfully closed.
[2014.09.21-14.53.20:324][709]LogModuleManager: Shutting down and abandoning module AndroidDeviceDetection (161)
[2014.09.21-14.53.20:324][709]LogModuleManager: Shutting down and abandoning module HTTP (160)
[2014.09.21-14.53.20:324][709]LogModuleManager: Shutting down and abandoning module CrashTracker (159)
[2014.09.21-14.53.20:324][709]LogModuleManager: Shutting down and abandoning module SuperSearch (158)
[2014.09.21-14.53.20:324][709]LogModuleManager: Shutting down and abandoning module SceneOutliner (157)
[2014.09.21-14.53.20:324][709]LogModuleManager: Shutting down and abandoning module EditorWidgets (156)
[2014.09.21-14.53.20:324][709]LogModuleManager: Shutting down and abandoning module CollectionManager (155)
[2014.09.21-14.53.20:324][709]LogModuleManager: Shutting down and abandoning module StatsViewer (154)
[2014.09.21-14.53.20:324][709]LogModuleManager: Shutting down and abandoning module FoliageEdit (153)
[2014.09.21-14.53.20:324][709]LogModuleManager: Shutting down and abandoning module LandscapeEditor (152)
[2014.09.21-14.53.20:324][709]LogModuleManager: Shutting down and abandoning module MeshPaint (151)
[2014.09.21-14.53.20:324][709]LogModuleManager: Shutting down and abandoning module ActorPickerMode (150)
[2014.09.21-14.53.20:324][709]LogModuleManager: Shutting down and abandoning module GeometryMode (149)
[2014.09.21-14.53.20:324][709]LogModuleManager: Shutting down and abandoning module TextureAlignMode (148)
[2014.09.21-14.53.20:324][709]LogModuleManager: Shutting down and abandoning module BspMode (147)
[2014.09.21-14.53.20:325][709]LogModuleManager: Shutting down and abandoning module PlacementMode (146)
[2014.09.21-14.53.20:325][709]LogModuleManager: Shutting down and abandoning module DesktopPlatform (145)
[2014.09.21-14.53.20:325][709]LogModuleManager: Shutting down and abandoning module AutomationWorker (144)
[2014.09.21-14.53.20:325][709]LogModuleManager: Shutting down and abandoning module EditorLiveStreaming (143)
[2014.09.21-14.53.20:325][709]LogModuleManager: Shutting down and abandoning module BehaviorTreeEditor (142)
[2014.09.21-14.53.20:325][709]LogModuleManager: Shutting down and abandoning module DeviceProfileEditor (141)
[2014.09.21-14.53.20:325][709]LogModuleManager: Shutting down and abandoning module UndoHistory (140)
[2014.09.21-14.53.20:325][709]LogModuleManager: Shutting down and abandoning module GameplayTagsEditor (139)
[2014.09.21-14.53.20:325][709]LogModuleManager: Shutting down and abandoning module UserFeedback (138)
[2014.09.21-14.53.20:325][709]LogModuleManager: Shutting down and abandoning module XmlParser (137)
[2014.09.21-14.53.20:325][709]LogModuleManager: Shutting down and abandoning module Blutility (136)
[2014.09.21-14.53.20:325][709]LogModuleManager: Shutting down and abandoning module IOSPlatformEditor (135)
[2014.09.21-14.53.20:325][709]LogModuleManager: Shutting down and abandoning module IOSRuntimeSettings (134)
[2014.09.21-14.53.20:325][709]LogModuleManager: Shutting down and abandoning module AndroidPlatformEditor (133)
[2014.09.21-14.53.20:325][709]LogModuleManager: Shutting down and abandoning module AndroidRuntimeSettings (132)
[2014.09.21-14.53.20:325][709]LogModuleManager: Shutting down and abandoning module ProjectTargetPlatformEditor (131)
[2014.09.21-14.53.20:325][709]LogModuleManager: Shutting down and abandoning module ProjectSettingsViewer (130)
[2014.09.21-14.53.20:325][709]LogModuleManager: Shutting down and abandoning module InputBindingEditor (129)
[2014.09.21-14.53.20:325][709]LogModuleManager: Shutting down and abandoning module EditorSettingsViewer (128)
[2014.09.21-14.53.20:325][709]LogModuleManager: Shutting down and abandoning module SettingsEditor (127)
[2014.09.21-14.53.20:325][709]LogModuleManager: Shutting down and abandoning module SessionLauncher (126)
[2014.09.21-14.53.20:325][709]LogModuleManager: Shutting down and abandoning module SessionFrontend (125)
[2014.09.21-14.53.20:325][709]LogModuleManager: Shutting down and abandoning module ProfilerClient (124)
[2014.09.21-14.53.20:325][709]LogModuleManager: Shutting down and abandoning module TargetDeviceServices (123)
[2014.09.21-14.53.20:325][709]LogModuleManager: Shutting down and abandoning module DeviceManager (122)
[2014.09.21-14.53.20:325][709]LogModuleManager: Shutting down and abandoning module AutomationController (121)
[2014.09.21-14.53.20:325][709]LogModuleManager: Shutting down and abandoning module AutomationWindow (120)
[2014.09.21-14.53.20:325][709]LogModuleManager: Shutting down and abandoning module Layers (119)
[2014.09.21-14.53.20:325][709]LogModuleManager: Shutting down and abandoning module ComponentVisualizers (118)
[2014.09.21-14.53.20:325][709]LogModuleManager: Shutting down and abandoning module DetailCustomizations (117)
[2014.09.21-14.53.20:325][709]LogModuleManager: Shutting down and abandoning module PackagesDialog (116)
[2014.09.21-14.53.20:325][709]LogModuleManager: Shutting down and abandoning module DirectoryWatcher (115)
[2014.09.21-14.53.20:327][709]LogModuleManager: Shutting down and abandoning module AssetRegistry (114)
[2014.09.21-14.53.20:350][709]LogModuleManager: Shutting down and abandoning module Persona (113)
[2014.09.21-14.53.20:350][709]LogModuleManager: Shutting down and abandoning module GraphEditor (112)
[2014.09.21-14.53.20:350][709]LogModuleManager: Shutting down and abandoning module ClassViewer (111)
[2014.09.21-14.53.20:350][709]LogModuleManager: Shutting down and abandoning module Toolbox (110)
[2014.09.21-14.53.20:350][709]LogModuleManager: Shutting down and abandoning module ModuleUI (109)
[2014.09.21-14.53.20:350][709]LogModuleManager: Shutting down and abandoning module Sequencer (108)
[2014.09.21-14.53.20:350][709]LogModuleManager: Shutting down and abandoning module MovieSceneTools (107)
[2014.09.21-14.53.20:350][709]LogModuleManager: Shutting down and abandoning module OutputLog (106)
[2014.09.21-14.53.20:350][709]LogModuleManager: Shutting down and abandoning module GammaUI (105)
[2014.09.21-14.53.20:350][709]LogModuleManager: Shutting down and abandoning module Documentation (104)
[2014.09.21-14.53.20:350][709]LogModuleManager: Shutting down and abandoning module GameLiveStreaming (103)
[2014.09.21-14.53.20:350][709]LogModuleManager: Shutting down and abandoning module StreamingPauseRendering (102)
[2014.09.21-14.53.20:350][709]LogModuleManager: Shutting down and abandoning module AnalyticsET (101)
[2014.09.21-14.53.20:350][709]LogModuleManager: Shutting down and abandoning module Analytics (100)
[2014.09.21-14.53.20:350][709]LogModuleManager: Shutting down and abandoning module GameplayDebugger (99)
[2014.09.21-14.53.20:350][709]LogModuleManager: Shutting down and abandoning module AIModule (98)
[2014.09.21-14.53.20:350][709]LogModuleManager: Shutting down and abandoning module ProfilerService (97)
[2014.09.21-14.53.20:442][709]LogModuleManager: Shutting down and abandoning module TaskGraph (96)
[2014.09.21-14.53.20:442][709]LogModuleManager: Shutting down and abandoning module SlateRemote (95)
[2014.09.21-14.53.20:444][709]LogModuleManager: Shutting down and abandoning module ScriptEditorPlugin (94)
[2014.09.21-14.53.20:444][709]LogModuleManager: Shutting down and abandoning module CustomMeshComponent (93)
[2014.09.21-14.53.20:444][709]LogModuleManager: Shutting down and abandoning module CableComponent (92)
[2014.09.21-14.53.20:444][709]LogModuleManager: Shutting down and abandoning module MessagingDebugger (91)
[2014.09.21-14.53.20:444][709]LogModuleManager: Shutting down and abandoning module ViewportSnapping (90)
[2014.09.21-14.53.20:444][709]LogModuleManager: Shutting down and abandoning module SmartSnapping (89)
[2014.09.21-14.53.20:444][709]LogModuleManager: Shutting down and abandoning module PaperTiledImporter (88)
[2014.09.21-14.53.20:444][709]LogModuleManager: Shutting down and abandoning module PaperJsonImporter (87)
[2014.09.21-14.53.20:444][709]LogModuleManager: Shutting down and abandoning module GameProjectGeneration (86)
[2014.09.21-14.53.20:444][709]LogModuleManager: Shutting down and abandoning module Matinee (85)
[2014.09.21-14.53.20:444][709]LogModuleManager: Shutting down and abandoning module Kismet (84)
[2014.09.21-14.53.20:444][709]LogModuleManager: Shutting down and abandoning module SlateReflector (83)
[2014.09.21-14.53.20:444][709]LogModuleManager: Shutting down and abandoning module LevelEditor (82)
[2014.09.21-14.53.20:445][709]LogModuleManager: Shutting down and abandoning module IntroTutorials (81)
[2014.09.21-14.53.20:445][709]LogModuleManager: Shutting down and abandoning module ContentBrowser (80)
[2014.09.21-14.53.20:445][709]LogModuleManager: Shutting down and abandoning module PropertyEditor (79)
[2014.09.21-14.53.20:445][709]LogModuleManager: Shutting down and abandoning module AssetTools (78)
[2014.09.21-14.53.20:445][709]LogModuleManager: Shutting down and abandoning module Paper2DEditor (77)
[2014.09.21-14.53.20:445][709]LogModuleManager: Shutting down and abandoning module SpeedTreeImporter (76)
[2014.09.21-14.53.20:445][709]LogModuleManager: Shutting down and abandoning module PluginsEditor (75)
[2014.09.21-14.53.20:445][709]LogModuleManager: Shutting down and abandoning module MainFrame (74)
[2014.09.21-14.53.20:445][709]LogModuleManager: Shutting down and abandoning module EpicSurvey (73)
[2014.09.21-14.53.20:445][709]LogModuleManager: Shutting down and abandoning module VisualStudioSourceCodeAccess (72)
[2014.09.21-14.53.20:445][709]LogModuleManager: Shutting down and abandoning module UObjectPlugin (71)
[2014.09.21-14.53.20:445][709]LogModuleManager: Shutting down and abandoning module SubversionSourceControl (70)
[2014.09.21-14.53.20:445][709]LogModuleManager: Shutting down and abandoning module SourceControl (69)
[2014.09.21-14.53.20:445][709]LogModuleManager: Shutting down and abandoning module PerforceSourceControl (68)
[2014.09.21-14.53.20:445][709]LogModuleManager: Shutting down and abandoning module BlankPlugin (67)
[2014.09.21-14.53.20:445][709]LogModuleManager: Shutting down and abandoning module ScriptPlugin (66)
[2014.09.21-14.53.20:445][709]LogModuleManager: Shutting down and abandoning module UdpMessaging (65)
[2014.09.21-14.53.20:546][709]LogModuleManager: Shutting down and abandoning module Paper2D (64)
[2014.09.21-14.53.20:546][709]LogModuleManager: Shutting down and abandoning module WindowsMoviePlayer (63)
[2014.09.21-14.53.20:549][709]LogModuleManager: Shutting down and abandoning module ImageWrapper (62)
[2014.09.21-14.53.20:549][709]LogModuleManager: Shutting down and abandoning module OnlineBlueprintSupport (61)
[2014.09.21-14.53.20:549][709]LogModuleManager: Shutting down and abandoning module FunctionalTesting (60)
[2014.09.21-14.53.20:549][709]LogModuleManager: Shutting down and abandoning module CollisionAnalyzer (59)
[2014.09.21-14.53.20:549][709]LogModuleManager: Shutting down and abandoning module WorkspaceMenuStructure (58)
[2014.09.21-14.53.20:550][709]LogModuleManager: Shutting down and abandoning module MessageLog (57)
[2014.09.21-14.53.20:550][709]LogModuleManager: Shutting down and abandoning module UMGEditor (56)
[2014.09.21-14.53.20:550][709]LogModuleManager: Shutting down and abandoning module UMG (55)
[2014.09.21-14.53.20:550][709]LogModuleManager: Shutting down and abandoning module Slate (54)
[2014.09.21-14.53.20:550][709]LogModuleManager: Shutting down and abandoning module EditorStyle (53)
[2014.09.21-14.53.20:551][709]LogModuleManager: Shutting down and abandoning module SessionServices (52)
[2014.09.21-14.53.20:551][709]LogModuleManager: Shutting down and abandoning module SourceCodeAccess (51)
[2014.09.21-14.53.20:551][709]LogModuleManager: Shutting down and abandoning module HeadMountedDisplay (50)
[2014.09.21-14.53.20:551][709]LogModuleManager: Shutting down and abandoning module XAudio2 (49)
[2014.09.21-14.53.20:551][709]LogModuleManager: Shutting down and abandoning module Networking (47)
[2014.09.21-14.53.20:551][709]LogModuleManager: Shutting down and abandoning module Core (46)
[2014.09.21-14.53.20:552][709]LogModuleManager: Shutting down and abandoning module KismetCompiler (45)
[2014.09.21-14.53.20:552][709]LogModuleManager: Shutting down and abandoning module PhysXFormats (44)
[2014.09.21-14.53.20:552][709]LogModuleManager: Shutting down and abandoning module MeshUtilities (43)
[2014.09.21-14.53.20:552][709]LogModuleManager: Shutting down and abandoning module DerivedDataCache (42)
[2014.09.21-14.53.20:564][709]LogDerivedDataCache: Shutdown
[2014.09.21-14.53.20:564][709]LogModuleManager: Shutting down and abandoning module ShaderFormatOpenGL (41)
[2014.09.21-14.53.20:564][709]LogModuleManager: Shutting down and abandoning module ShaderFormatD3D (40)
[2014.09.21-14.53.20:564][709]LogModuleManager: Shutting down and abandoning module MetalShaderFormat (39)
[2014.09.21-14.53.20:564][709]LogModuleManager: Shutting down and abandoning module TextureFormatUncompressed (38)
[2014.09.21-14.53.20:564][709]LogModuleManager: Shutting down and abandoning module TextureFormatPVR (37)
[2014.09.21-14.53.20:564][709]LogModuleManager: Shutting down and abandoning module TextureFormatDXT (36)
[2014.09.21-14.53.20:564][709]LogModuleManager: Shutting down and abandoning module TextureFormatAndroid (35)
[2014.09.21-14.53.20:564][709]LogModuleManager: Shutting down and abandoning module AudioFormatOpus (34)
[2014.09.21-14.53.20:564][709]LogModuleManager: Shutting down and abandoning module AudioFormatOgg (33)
[2014.09.21-14.53.20:564][709]LogModuleManager: Shutting down and abandoning module AudioFormatADPCM (32)
[2014.09.21-14.53.20:564][709]LogModuleManager: Shutting down and abandoning module Messaging (31)
[2014.09.21-14.53.20:564][709]LogModuleManager: Shutting down and abandoning module IOSTargetPlatform (30)
[2014.09.21-14.53.20:564][709]LogModuleManager: Shutting down and abandoning module Android_PVRTCTargetPlatform (29)
[2014.09.21-14.53.20:564][709]LogModuleManager: Shutting down and abandoning module Android_ETC2TargetPlatform (28)
[2014.09.21-14.53.20:564][709]LogModuleManager: Shutting down and abandoning module Android_ETC1TargetPlatform (27)
[2014.09.21-14.53.20:564][709]LogModuleManager: Shutting down and abandoning module Android_DXTTargetPlatform (26)
[2014.09.21-14.53.20:564][709]LogModuleManager: Shutting down and abandoning module Android_ATCTargetPlatform (25)
[2014.09.21-14.53.20:564][709]LogModuleManager: Shutting down and abandoning module AndroidTargetPlatform (24)
[2014.09.21-14.53.20:564][709]LogModuleManager: Shutting down and abandoning module WindowsTargetPlatform (23)
[2014.09.21-14.53.20:564][709]LogModuleManager: Shutting down and abandoning module WindowsServerTargetPlatform (22)
[2014.09.21-14.53.20:564][709]LogModuleManager: Shutting down and abandoning module WindowsNoEditorTargetPlatform (21)
[2014.09.21-14.53.20:564][709]LogModuleManager: Shutting down and abandoning module WindowsClientTargetPlatform (20)
[2014.09.21-14.53.20:564][709]LogModuleManager: Shutting down and abandoning module TargetPlatform (19)
[2014.09.21-14.53.20:564][709]LogModuleManager: Shutting down and abandoning module InputCore (18)
[2014.09.21-14.53.20:564][709]LogModuleManager: Shutting down and abandoning module Settings (17)
[2014.09.21-14.53.20:564][709]LogModuleManager: Shutting down and abandoning module ExampleDeviceProfileSelector (14)
[2014.09.21-14.53.20:564][709]LogModuleManager: Shutting down and abandoning module OculusRift (13)
[2014.09.21-14.53.20:564][709]LogModuleManager: Shutting down and abandoning module TextureCompressor (12)
[2014.09.21-14.53.20:564][709]LogModuleManager: Shutting down and abandoning module ShaderCore (11)
[2014.09.21-14.53.20:564][709]LogModuleManager: Shutting down and abandoning module OpenGLDrv (10)
[2014.09.21-14.53.20:564][709]LogModuleManager: Shutting down and abandoning module D3D11RHI (9)
[2014.09.21-14.53.20:564][709]LogModuleManager: Shutting down and abandoning module SlateRHIRenderer (8)
[2014.09.21-14.53.20:564][709]LogModuleManager: Shutting down and abandoning module Renderer (7)
[2014.09.21-14.53.20:564][709]LogModuleManager: Shutting down and abandoning module Engine (6)
[2014.09.21-14.53.20:564][709]LogModuleManager: Shutting down and abandoning module CoreUObject (5)
[2014.09.21-14.53.20:564][709]LogModuleManager: Shutting down and abandoning module NetworkFile (4)
[2014.09.21-14.53.20:564][709]LogModuleManager: Shutting down and abandoning module StreamingFile (3)
[2014.09.21-14.53.20:564][709]LogModuleManager: Shutting down and abandoning module SandboxFile (2)
[2014.09.21-14.53.20:564][709]LogModuleManager: Shutting down and abandoning module PakFile (1)
[2014.09.21-14.53.20:565][709]LogExit: Exiting.
[2014.09.21-14.53.20:568][709]Log file closed, 09/21/14 22:53:20
