Log file open, 09/16/14 12:01:43
LogInit:Display: Running engine for game: ThirdPerson5
LogInit: Version: 4.4.2-2289767+++depot+UE4-Releases+4.4
LogInit: API Version: 2255576
LogInit: Compiled (64-bit): Sep  8 2014 15:27:03
LogInit: Build Configuration: Development
LogInit: Branch Name: ++depot+UE4-Releases+4.4
LogInit: Command line:  
LogInit: Base directory: C:/Program Files/Unreal Engine/4.4/Engine/Binaries/Win64/
LogInit: Rocket: 1
[2014.09.16-04.01.43:742][  0]LogTaskGraph: Started task graph with 3 named threads and 4 total threads.
[2014.09.16-04.01.43:774][  0]LogOnline:Warning: No default platform service specified for OnlineSubsystem
[2014.09.16-04.01.43:786][  0]LogInit: Presizing for 0 objects not considered by GC, pre-allocating 0 bytes.
[2014.09.16-04.01.43:791][  0]LogInit: Object subsystem initialized
[2014.09.16-04.01.43:793][  0]LogInit: Selected Device Profile: [Windows]
[2014.09.16-04.01.43:793][  0]LogInit: Applying CVar settings loaded from the selected device profile: [Windows]
[2014.09.16-04.01.43:799][  0]LogInit: Computer: ALIENWAREM14X
[2014.09.16-04.01.43:799][  0]LogInit: User: benjamin
[2014.09.16-04.01.43:801][  0]LogInit: CPU Page size=4096, Cores=4
[2014.09.16-04.01.43:801][  0]LogInit: High frequency timer resolution =2.630625 MHz
[2014.09.16-04.01.43:801][  0]LogMemory: Memory total: Physical=15.7GB (16GB approx) Virtual=131072.0GB
[2014.09.16-04.01.43:801][  0]LogMemory: Platform Memory Stats for Windows
[2014.09.16-04.01.43:801][  0]LogMemory: Process Physical Memory: 59.15 MB used, 59.15 MB peak
[2014.09.16-04.01.43:801][  0]LogMemory: Process Virtual Memory: 38.31 MB used, 38.31 MB peak
[2014.09.16-04.01.43:801][  0]LogMemory: Physical Memory: 5249.19 MB used, 16101.02 MB total
[2014.09.16-04.01.43:801][  0]LogMemory: Virtual Memory: 267.95 MB used, 134217728.00 MB total
[2014.09.16-04.01.43:842][  0]LogD3D11RHI: Found D3D11 adapter 0: Intel(R) HD Graphics 4600 (Feature Level 11_0)
[2014.09.16-04.01.43:842][  0]LogD3D11RHI: Adapter has 32MB of dedicated video memory, 0MB of dedicated system memory, and 1760MB of shared system memory, 1 output[s]
[2014.09.16-04.01.43:858][  0]LogD3D11RHI: Found D3D11 adapter 1: NVIDIA GeForce GTX 765M       (Feature Level 11_0)
[2014.09.16-04.01.43:858][  0]LogD3D11RHI: Adapter has 1985MB of dedicated video memory, 0MB of dedicated system memory, and 2048MB of shared system memory, 0 output[s]
[2014.09.16-04.01.43:860][  0]LogD3D11RHI: Found D3D11 adapter 2: Microsoft Basic Render Driver (Feature Level 11_0)
[2014.09.16-04.01.43:860][  0]LogD3D11RHI: Adapter has 0MB of dedicated video memory, 0MB of dedicated system memory, and 256MB of shared system memory, 0 output[s]
[2014.09.16-04.01.43:860][  0]LogD3D11RHI: Chosen D3D11 Adapter Id = 0
[2014.09.16-04.01.43:865][  0]LogRHI: Texture pool is 1361 MB (70% of 1945 MB)
[2014.09.16-04.01.43:879][  0]LogD3D11RHI: Async texture creation enabled
[2014.09.16-04.01.43:983][  0]LogContentStreaming: Texture pool size is 0.000000MB
[2014.09.16-04.01.45:257][  0]LogTargetPlatformManager:Display: Building Assets For Windows
[2014.09.16-04.01.45:638][  0]LogTargetPlatformManager:Display: Building Assets For Windows
[2014.09.16-04.01.45:686][  0]LogDerivedDataCache:Display: Max Cache Size: 512 MB
[2014.09.16-04.01.45:720][  0]LogDerivedDataCache: Loaded boot cache 0.03s 39MB C:/Users/benjamin/AppData/Local/UnrealEngine/4.4/DerivedDataCache/Boot.ddc.
[2014.09.16-04.01.45:720][  0]LogDerivedDataCache:Display: Loaded Boot cache: C:/Users/benjamin/AppData/Local/UnrealEngine/4.4/DerivedDataCache/Boot.ddc
[2014.09.16-04.01.45:720][  0]LogDerivedDataCache: FDerivedDataBackendGraph:  Pak pak cache file ../../../../../../GitHub/UnrealEngineLearning/ThirdPerson5/DerivedDataCache/DDC.ddp not found, will not use a pak cache.
[2014.09.16-04.01.45:720][  0]LogDerivedDataCache: Unable to find inner node Pak for hierarchical cache Hierarchy.
[2014.09.16-04.01.45:734][  0]LogDerivedDataCache:Display: Pak cache opened for reading ../../../Engine/DerivedDataCache/DDC.ddp.
[2014.09.16-04.01.45:747][  0]LogDerivedDataCache: Using Local data cache path C:/Users/benjamin/AppData/Local/UnrealEngine/4.4/DerivedDataCache: Writable
[2014.09.16-04.01.45:921][  0]LogMeshUtilities: No automatic mesh reduction module available
[2014.09.16-04.01.45:921][  0]LogMeshUtilities: No automatic mesh merging module available
[2014.09.16-04.01.46:268][  0]LogInit: WinSock: version 1.1 (2.2), MaxSocks=32767, MaxUdp=65467
[2014.09.16-04.01.47:103][  0]LogStats:Warning: MetaData mismatch. Did you assign a stat to two groups? New //STATGROUP_Threads//FMonitoredProcess///Thread_4838_0///////STATCAT_Advanced//// old //STATGROUP_Threads//FMonitoredProcess///Thread_4b74_0///////STATCAT_Advanced////
[2014.09.16-04.01.47:103][  0]UdpMessaging: Initializing bridge on interface 0.0.0.0:0 to multicast group 230.0.0.1:6666.
[2014.09.16-04.01.47:234][  0]SourceControl: Info Source control is disabled
[2014.09.16-04.01.47:234][  0]SourceControl: Info Source control is disabled
[2014.09.16-04.01.47:243][  0]SourceControl: Info Source control is disabled
[2014.09.16-04.01.47:448][  0]BlueprintLog: New page: Editor Load
[2014.09.16-04.01.47:575][  0]LogObj: 21438 objects as part of root set at end of initial load.
[2014.09.16-04.01.47:575][  0]LogUObjectAllocator: 4218656 out of 0 bytes used by permanent object pool.
[2014.09.16-04.01.47:717][  0]LogEngine: Initializing Engine...
[2014.09.16-04.01.47:804][  0]LogInit: XAudio2 using 'Speakers (Realtek High Definition Audio)' : 2 channels at 48 kHz using 32 bits per sample (channel mask 0x3)
[2014.09.16-04.01.47:817][  0]LogInit: FAudioDevice initialized.
[2014.09.16-04.01.47:840][  0]LogAIModule: Creating AISystem for world NewWorld
[2014.09.16-04.01.47:859][  0]LogDerivedDataCache: Saved boot cache 0.02s 39MB C:/Users/benjamin/AppData/Local/UnrealEngine/4.4/DerivedDataCache/Boot.ddc.
[2014.09.16-04.01.47:861][  0]LogInit: Texture streaming: Enabled
[2014.09.16-04.01.47:902][  0]LogInit: Transaction tracking system initialized
[2014.09.16-04.01.48:043][  0]LogAssetRegistry: FAssetRegistry took 0.0103 seconds to start up
[2014.09.16-04.01.48:496][  0]LogTargetPlatformManager:Display: Building Assets For Windows
[2014.09.16-04.01.48:782][  0]LogTargetPlatformManager:Display: Building Assets For Windows
[2014.09.16-04.01.48:943][  0]LogConsoleResponse:Display: 
[2014.09.16-04.01.49:153][  0]LogStats:Warning: MetaData mismatch. Did you assign a stat to two groups? New //STATGROUP_Threads//FMonitoredProcess///Thread_3cac_0///////STATCAT_Advanced//// old //STATGROUP_Threads//FMonitoredProcess///Thread_4b74_0///////STATCAT_Advanced////
[2014.09.16-04.01.49:153][  0]LogStats:Warning: MetaData mismatch. Did you assign a stat to two groups? New //STATGROUP_Threads//FMonitoredProcess///Thread_1ee0_0///////STATCAT_Advanced//// old //STATGROUP_Threads//FMonitoredProcess///Thread_4b74_0///////STATCAT_Advanced////
[2014.09.16-04.01.49:153][  0]SourceControl: Info Source control is disabled
[2014.09.16-04.01.49:153][  0]Cmd: MAP LOAD FILE="../../../../../../GitHub/UnrealEngineLearning/ThirdPerson5/Content/Maps/Minimal_Default.umap" TEMPLATE=0 SHOWPROGRESS=1
[2014.09.16-04.01.49:171][  0]LightingResults: New page: Lighting Build
[2014.09.16-04.01.49:183][  0]MapCheck: New page: Map Check
[2014.09.16-04.01.49:183][  0]LightingResults: New page: Lighting Build
[2014.09.16-04.01.49:194][  0]LogParticles: Destroying 0 GPU particle simulations for FXSystem 0x0000009C101FC860
[2014.09.16-04.01.49:591][  0]LogEditorServer: Finished looking for orphan Actors (0.000 secs)
[2014.09.16-04.01.49:591][  0]LogAIModule: Creating AISystem for world Minimal_Default
[2014.09.16-04.01.49:591][  0]Cmd: MAP CHECKDEP
[2014.09.16-04.01.49:591][  0]MapCheck: New page: Minimal_Default - Sep 16, 2014, 8:01:49 PM
[2014.09.16-04.01.49:725][  0]MapCheck: Info ========== Map Check: 0 Error(s), 0 Warning(s), [134.15ms] ==========
[2014.09.16-04.01.49:725][  0]LogFileHelpers: Loading map 'Minimal_Default' took 0.573
[2014.09.16-04.01.49:848][  0]LogCollectionManager: Loaded 0 collections in 0.001213 seconds
[2014.09.16-04.01.49:976][  0]LogCrashTracker: Crashtracker disabled due to settings.
[2014.09.16-04.01.50:030][  0]LogLoad: Full Startup: 8.14 seconds (BP compile: 0.09 seconds)
[2014.09.16-04.01.50:053][  0]LogContentBrowser:Verbose: The content browser source was changed by the sources view to '/Game/Character'
[2014.09.16-04.01.50:193][  0]LogRenderer:Warning: Reallocating scene render targets to support 1136x888.
[2014.09.16-04.01.50:315][  1]LogAssetRegistry: Asset discovery search completed in 2.2829 seconds
[2014.09.16-04.02.17:481][509]LogContentBrowser:Verbose: The content browser source was changed by the sources view to '/Game/Character/Animations'
[2014.09.16-04.02.25:223][890]LogContentBrowser:Verbose: The content browser source was changed by the sources view to '/Game/Character'
[2014.09.16-04.03.30:800][247]LogSkeletalMesh: InitArticulated: Bodies already created (/Engine/Transient.DebugSkelMeshComponent_0) - call TermArticulated first.
[2014.09.16-04.03.43:871][875]LogContentBrowser:Verbose: The content browser source was changed by the sources view to '/Game/Character/Animations'
[2014.09.16-04.03.47:730][ 53]LogSkeletalMesh: InitArticulated: Bodies already created (/Engine/Transient.DebugSkelMeshComponent_2) - call TermArticulated first.
[2014.09.16-04.03.47:766][ 53]LogContentBrowser:Verbose: The majority of assets in the view are of type: AnimSequence
[2014.09.16-04.04.50:345][808]LogActorComponent: UnregisterComponent: (/Engine/Transient.SkeletalMeshComponent_1) Not registered. Aborting.
[2014.09.16-04.04.50:363][808]LogActorComponent: UnregisterComponent: (/Engine/Transient.SkeletalMeshComponent_1) Not registered. Aborting.
[2014.09.16-04.04.50:363][808]LogActorComponent: RegisterComponentWithWorld: (/Engine/Transient.MaterialEditorMeshComponent_0) Already registered. Aborting.
[2014.09.16-04.04.50:413][808]LogRenderer:Warning: Reallocating scene render targets to support 1392x888.
[2014.09.16-04.04.51:998][859]LogMaterial: Missing cached shader map for material PreviewMaterial_0, compiling.
[2014.09.16-04.04.52:019][859]LogActorComponent: UnregisterComponent: (/Engine/Transient.SkeletalMeshComponent_2) Not registered. Aborting.
[2014.09.16-04.04.52:050][859]LogActorComponent: UnregisterComponent: (/Engine/Transient.SkeletalMeshComponent_2) Not registered. Aborting.
[2014.09.16-04.04.52:050][859]LogActorComponent: RegisterComponentWithWorld: (/Engine/Transient.MaterialEditorMeshComponent_1) Already registered. Aborting.
[2014.09.16-04.04.52:050][859]LogActorComponent: UnregisterComponent: (/Engine/Transient.SkeletalMeshComponent_2) Not registered. Aborting.
[2014.09.16-04.04.52:050][859]LogActorComponent: RegisterComponentWithWorld: (/Engine/Transient.MaterialEditorMeshComponent_1) Already registered. Aborting.
[2014.09.16-04.04.52:080][859]LogMaterial: Missing cached shader map for material PreviewMaterial_0, compiling.
[2014.09.16-04.04.52:115][859]LogMaterial: Missing cached shader map for material FMatExpressionPreview MaterialExpressionVectorParameter_0, compiling.
[2014.09.16-04.05.24:352][382]LogContentBrowser:Verbose: The content browser source was changed by the sources view to '/Game/Character'
[2014.09.16-04.05.30:050][670]LogPlayLevel: PIE:  No blueprints needed recompiling
[2014.09.16-04.05.30:050][670]PIE: New page: PIE session: Minimal_Default (Sep 16, 2014, 8:05:30 PM)
[2014.09.16-04.05.30:054][670]LogPlayLevel: PIE: StaticDuplicateObject took: (0.003694s)
[2014.09.16-04.05.30:055][670]LogPlayLevel: PIE: World Init took: (0.001237s)
[2014.09.16-04.05.30:055][670]LogPlayLevel: PIE: Created PIE world by copying editor world from /Game/Maps/Minimal_Default.Minimal_Default to /Game/Maps/UEDPIE_0_Minimal_Default.Minimal_Default (0.005122s)
[2014.09.16-04.05.30:104][670]LogWorld: Game class is 'MyGame_C'
[2014.09.16-04.05.30:105][670]LogAIModule: Creating AISystem for world Minimal_Default
[2014.09.16-04.05.30:106][670]LogWorld: Bringing World /Game/Maps/UEDPIE_0_Minimal_Default.Minimal_Default up for play (max tick rate 60) at 2014.09.16-12.05.30
[2014.09.16-04.05.30:106][670]LogWorld: Bringing up level for play took: 0.001142
[2014.09.16-04.05.30:108][670]PIE: Info Play in editor start time for /Game/Maps/UEDPIE_0_Minimal_Default 0.881
[2014.09.16-04.05.37:405][ 99]LogActorComponent: UnregisterComponent: (/Engine/Transient.CharacterMovementComponent_0) Not registered. Aborting.
[2014.09.16-04.05.37:430][ 99]LogParticles: Destroying 0 GPU particle simulations for FXSystem 0x0000009C1C077C40
[2014.09.16-04.05.37:431][ 99]LogParticles: Destroying 0 GPU particle simulations for FXSystem 0x0000009C20063420
[2014.09.16-04.05.37:431][ 99]LogParticles: Destroying 0 GPU particle simulations for FXSystem 0x0000009C20E0F2E0
[2014.09.16-04.05.37:431][ 99]LogParticles: Destroying 0 GPU particle simulations for FXSystem 0x0000009C20E0D4E0
[2014.09.16-04.05.37:431][ 99]LogParticles: Destroying 0 GPU particle simulations for FXSystem 0x0000009C20E0CEA0
[2014.09.16-04.05.37:432][ 99]LogParticles: Destroying 0 GPU particle simulations for FXSystem 0x0000009C1FAE2F20
[2014.09.16-04.05.37:433][ 99]LogParticles: Destroying 0 GPU particle simulations for FXSystem 0x0000009C23840FE0
[2014.09.16-04.05.59:196][ 75]LogMaterial: Missing cached shader map for material PreviewMaterial_1, compiling.
[2014.09.16-04.05.59:204][ 75]LogActorComponent: UnregisterComponent: (/Engine/Transient.SkeletalMeshComponent_4) Not registered. Aborting.
[2014.09.16-04.05.59:249][ 75]LogActorComponent: UnregisterComponent: (/Engine/Transient.SkeletalMeshComponent_4) Not registered. Aborting.
[2014.09.16-04.05.59:249][ 75]LogActorComponent: RegisterComponentWithWorld: (/Engine/Transient.MaterialEditorMeshComponent_2) Already registered. Aborting.
[2014.09.16-04.05.59:250][ 75]LogActorComponent: UnregisterComponent: (/Engine/Transient.SkeletalMeshComponent_4) Not registered. Aborting.
[2014.09.16-04.05.59:250][ 75]LogActorComponent: RegisterComponentWithWorld: (/Engine/Transient.MaterialEditorMeshComponent_2) Already registered. Aborting.
[2014.09.16-04.05.59:251][ 75]LogMaterial: Missing cached shader map for material PreviewMaterial_1, compiling.
[2014.09.16-04.05.59:310][ 75]LogMaterial: Missing cached shader map for material FMatExpressionPreview MaterialExpressionVectorParameter_0, compiling.
[2014.09.16-04.06.03:360][241]MaterialEditorStats: Info Base pass shader with only dynamic lighting: 83 instructions
[2014.09.16-04.06.03:360][241]MaterialEditorStats: Info Vertex shader: 31 instructions
[2014.09.16-04.06.03:360][241]MaterialEditorStats: Info Texture samplers: 3/16
[2014.09.16-04.06.11:437][646]LogActorComponent: UnregisterComponent: (/Engine/Transient.SkeletalMeshComponent_5) Not registered. Aborting.
[2014.09.16-04.06.11:468][646]LogActorComponent: UnregisterComponent: (/Engine/Transient.SkeletalMeshComponent_5) Not registered. Aborting.
[2014.09.16-04.06.11:468][646]LogActorComponent: RegisterComponentWithWorld: (/Engine/Transient.MaterialEditorMeshComponent_3) Already registered. Aborting.
[2014.09.16-04.06.50:180][491]LogSkeletalMesh: InitArticulated: Bodies already created (/Engine/Transient.DebugSkelMeshComponent_4) - call TermArticulated first.
[2014.09.16-04.08.14:320][168]LogPlayLevel: PIE:  No blueprints needed recompiling
[2014.09.16-04.08.14:321][168]PIE: New page: PIE session: Minimal_Default (Sep 16, 2014, 8:08:14 PM)
[2014.09.16-04.08.14:323][168]LogPlayLevel: PIE: StaticDuplicateObject took: (0.002683s)
[2014.09.16-04.08.14:325][168]LogPlayLevel: PIE: World Init took: (0.001135s)
[2014.09.16-04.08.14:325][168]LogPlayLevel: PIE: Created PIE world by copying editor world from /Game/Maps/Minimal_Default.Minimal_Default to /Game/Maps/UEDPIE_0_Minimal_Default.Minimal_Default (0.004190s)
[2014.09.16-04.08.14:358][168]LogWorld: Game class is 'MyGame_C'
[2014.09.16-04.08.14:360][168]LogAIModule: Creating AISystem for world Minimal_Default
[2014.09.16-04.08.14:361][168]LogWorld: Bringing World /Game/Maps/UEDPIE_0_Minimal_Default.Minimal_Default up for play (max tick rate 60) at 2014.09.16-12.08.14
[2014.09.16-04.08.14:361][168]LogWorld: Bringing up level for play took: 0.001099
[2014.09.16-04.08.14:363][168]PIE: Info Play in editor start time for /Game/Maps/UEDPIE_0_Minimal_Default -0.865
[2014.09.16-04.09.01:653][998]LogActorComponent: UnregisterComponent: (/Engine/Transient.CharacterMovementComponent_1) Not registered. Aborting.
[2014.09.16-04.09.01:671][998]LogParticles: Destroying 0 GPU particle simulations for FXSystem 0x0000009C1D2836A0
[2014.09.16-04.09.01:671][998]LogParticles: Destroying 0 GPU particle simulations for FXSystem 0x0000009C1D282A20
[2014.09.16-04.09.01:671][998]LogParticles: Destroying 0 GPU particle simulations for FXSystem 0x0000009C1C04ED40
[2014.09.16-04.09.01:671][998]LogParticles: Destroying 0 GPU particle simulations for FXSystem 0x0000009C0CBF5C60
[2014.09.16-04.09.01:672][998]LogParticles: Destroying 0 GPU particle simulations for FXSystem 0x0000009C0D2671A0
[2014.09.16-04.09.19:643][836]LogRenderer:Warning: Reallocating scene render targets to support 1416x888.
[2014.09.16-04.12.44:919][715]LogActorComponent: UnregisterComponent: (/Engine/Transient.CharacterMovementComponent_2) Not registered. Aborting.
[2014.09.16-04.12.44:938][715]LogParticles: Destroying 0 GPU particle simulations for FXSystem 0x0000009C0B0FF600
[2014.09.16-04.12.44:938][715]LogParticles: Destroying 0 GPU particle simulations for FXSystem 0x0000009C1FF7B2E0
[2014.09.16-04.12.44:942][715]LogFileHelpers: Editor autosave (incl. sublevels) for '/Game/Maps/Minimal_Default' took 0.024
[2014.09.16-04.12.44:953][715]OBJ SavePackage: Generating thumbnails for [1] asset(s) in package [/Game/Character/MyCharacter] ([1] browsable assets)...
[2014.09.16-04.12.44:979][715]OBJ SavePackage:     Rendered thumbnail for [Blueprint /Game/Character/MyCharacter.MyCharacter]
[2014.09.16-04.12.44:979][715]OBJ SavePackage: Finished generating thumbnails for package [/Game/Character/MyCharacter]
[2014.09.16-04.12.45:244][715]LogSavePackage: Save=228.149963ms
[2014.09.16-04.12.45:244][715]LogSavePackage: Moving '../../../../../../GitHub/UnrealEngineLearning/ThirdPerson5/Saved/MyCharacter_Auto16A2A1D794DFDA2F2D2984F864E5FEA48.tmp' to '../../../../../../GitHub/UnrealEngineLearning/ThirdPerson5/Saved/Autosaves/Game/Character/MyCharacter_Auto1.uasset'
[2014.09.16-04.12.45:259][715]LogFileHelpers: Auto-saving content packages took 0.317
[2014.09.16-04.12.55:454][308]LogActorComponent: UnregisterComponent: (/Engine/Transient.CharacterMovementComponent_3) Not registered. Aborting.
[2014.09.16-04.12.55:486][308]Cmd: OBJ SAVEPACKAGE PACKAGE="/Game/Character/MyCharacter" FILE="../../../../../../GitHub/UnrealEngineLearning/ThirdPerson5/Content/Character/MyCharacter.uasset" SILENT=true
[2014.09.16-04.12.55:513][308]LogSavePackage: Save=17.563128ms
[2014.09.16-04.12.55:513][308]LogSavePackage: Moving '../../../../../../GitHub/UnrealEngineLearning/ThirdPerson5/Saved/MyCharacter39B2D74348CAD462F74343B046B4525C.tmp' to '../../../../../../GitHub/UnrealEngineLearning/ThirdPerson5/Content/Character/MyCharacter.uasset'
[2014.09.16-04.13.27:148][908]LogActorComponent: UnregisterComponent: (/Engine/Transient.CharacterMovementComponent_4) Not registered. Aborting.
[2014.09.16-04.13.27:164][908]LogParticles: Destroying 0 GPU particle simulations for FXSystem 0x0000009C20E7F2E0
[2014.09.16-04.13.29:953][908]Cmd: OBJ SAVEPACKAGE PACKAGE="/Game/Character/MyCharacter" FILE="../../../../../../GitHub/UnrealEngineLearning/ThirdPerson5/Content/Character/MyCharacter.uasset" SILENT=true
[2014.09.16-04.13.29:986][908]LogSavePackage: Save=21.683441ms
[2014.09.16-04.13.29:986][908]LogSavePackage: Moving '../../../../../../GitHub/UnrealEngineLearning/ThirdPerson5/Saved/MyCharacter5FC87FFA4D1C25A7D7FA9F82C2607618.tmp' to '../../../../../../GitHub/UnrealEngineLearning/ThirdPerson5/Content/Character/MyCharacter.uasset'
[2014.09.16-04.13.30:359][909]Cmd: QUIT_EDITOR
[2014.09.16-04.13.30:448][909]LogWindowsTextInputMethodSystem:Error: Terminating failed while unadvising the language notification sink from the TSF source.
[2014.09.16-04.13.30:448][909]LogExit: Preparing to exit.
[2014.09.16-04.13.31:431][909]LogExit: Editor shut down
[2014.09.16-04.13.31:432][909]LogExit: Transaction tracking system shut down
[2014.09.16-04.13.31:432][909]LogParticles: Destroying 0 GPU particle simulations for FXSystem 0x0000009C155CEDE0
[2014.09.16-04.13.31:433][909]LogParticles: Destroying 0 GPU particle simulations for FXSystem 0x0000009C196E3100
[2014.09.16-04.13.31:433][909]LogParticles: Destroying 0 GPU particle simulations for FXSystem 0x0000009C0BF1BB00
[2014.09.16-04.13.31:451][909]LogParticles: Destroying 0 GPU particle simulations for FXSystem 0x0000009C0BF1B7E0
[2014.09.16-04.13.31:451][909]LogParticles: Destroying 0 GPU particle simulations for FXSystem 0x0000009C0BF1B560
[2014.09.16-04.13.31:451][909]LogParticles: Destroying 0 GPU particle simulations for FXSystem 0x0000009C0BF1AF20
[2014.09.16-04.13.31:451][909]LogParticles: Destroying 0 GPU particle simulations for FXSystem 0x0000009C0BF194E0
[2014.09.16-04.13.31:451][909]LogExit: Object subsystem successfully closed.
[2014.09.16-04.13.31:506][909]LogModuleManager: Shutting down and abandoning module MaterialEditor (163)
[2014.09.16-04.13.31:506][909]LogModuleManager: Shutting down and abandoning module ExternalImagePicker (162)
[2014.09.16-04.13.31:506][909]LogModuleManager: Shutting down and abandoning module AndroidDeviceDetection (161)
[2014.09.16-04.13.31:506][909]LogModuleManager: Shutting down and abandoning module HTTP (160)
[2014.09.16-04.13.31:506][909]LogModuleManager: Shutting down and abandoning module CrashTracker (159)
[2014.09.16-04.13.31:506][909]LogModuleManager: Shutting down and abandoning module SuperSearch (158)
[2014.09.16-04.13.31:506][909]LogModuleManager: Shutting down and abandoning module SceneOutliner (157)
[2014.09.16-04.13.31:506][909]LogModuleManager: Shutting down and abandoning module EditorWidgets (156)
[2014.09.16-04.13.31:506][909]LogModuleManager: Shutting down and abandoning module CollectionManager (155)
[2014.09.16-04.13.31:506][909]LogModuleManager: Shutting down and abandoning module StatsViewer (154)
[2014.09.16-04.13.31:506][909]LogModuleManager: Shutting down and abandoning module FoliageEdit (153)
[2014.09.16-04.13.31:506][909]LogModuleManager: Shutting down and abandoning module LandscapeEditor (152)
[2014.09.16-04.13.31:506][909]LogModuleManager: Shutting down and abandoning module MeshPaint (151)
[2014.09.16-04.13.31:506][909]LogModuleManager: Shutting down and abandoning module ActorPickerMode (150)
[2014.09.16-04.13.31:506][909]LogModuleManager: Shutting down and abandoning module GeometryMode (149)
[2014.09.16-04.13.31:506][909]LogModuleManager: Shutting down and abandoning module TextureAlignMode (148)
[2014.09.16-04.13.31:506][909]LogModuleManager: Shutting down and abandoning module BspMode (147)
[2014.09.16-04.13.31:506][909]LogModuleManager: Shutting down and abandoning module PlacementMode (146)
[2014.09.16-04.13.31:506][909]LogModuleManager: Shutting down and abandoning module DesktopPlatform (145)
[2014.09.16-04.13.31:506][909]LogModuleManager: Shutting down and abandoning module AutomationWorker (144)
[2014.09.16-04.13.31:506][909]LogModuleManager: Shutting down and abandoning module EditorLiveStreaming (143)
[2014.09.16-04.13.31:506][909]LogModuleManager: Shutting down and abandoning module BehaviorTreeEditor (142)
[2014.09.16-04.13.31:506][909]LogModuleManager: Shutting down and abandoning module DeviceProfileEditor (141)
[2014.09.16-04.13.31:506][909]LogModuleManager: Shutting down and abandoning module UndoHistory (140)
[2014.09.16-04.13.31:506][909]LogModuleManager: Shutting down and abandoning module GameplayTagsEditor (139)
[2014.09.16-04.13.31:506][909]LogModuleManager: Shutting down and abandoning module UserFeedback (138)
[2014.09.16-04.13.31:506][909]LogModuleManager: Shutting down and abandoning module XmlParser (137)
[2014.09.16-04.13.31:506][909]LogModuleManager: Shutting down and abandoning module Blutility (136)
[2014.09.16-04.13.31:506][909]LogModuleManager: Shutting down and abandoning module IOSPlatformEditor (135)
[2014.09.16-04.13.31:506][909]LogModuleManager: Shutting down and abandoning module IOSRuntimeSettings (134)
[2014.09.16-04.13.31:506][909]LogModuleManager: Shutting down and abandoning module AndroidPlatformEditor (133)
[2014.09.16-04.13.31:506][909]LogModuleManager: Shutting down and abandoning module AndroidRuntimeSettings (132)
[2014.09.16-04.13.31:506][909]LogModuleManager: Shutting down and abandoning module ProjectTargetPlatformEditor (131)
[2014.09.16-04.13.31:507][909]LogModuleManager: Shutting down and abandoning module ProjectSettingsViewer (130)
[2014.09.16-04.13.31:507][909]LogModuleManager: Shutting down and abandoning module InputBindingEditor (129)
[2014.09.16-04.13.31:507][909]LogModuleManager: Shutting down and abandoning module EditorSettingsViewer (128)
[2014.09.16-04.13.31:507][909]LogModuleManager: Shutting down and abandoning module SettingsEditor (127)
[2014.09.16-04.13.31:507][909]LogModuleManager: Shutting down and abandoning module SessionLauncher (126)
[2014.09.16-04.13.31:507][909]LogModuleManager: Shutting down and abandoning module SessionFrontend (125)
[2014.09.16-04.13.31:507][909]LogModuleManager: Shutting down and abandoning module ProfilerClient (124)
[2014.09.16-04.13.31:507][909]LogModuleManager: Shutting down and abandoning module TargetDeviceServices (123)
[2014.09.16-04.13.31:507][909]LogModuleManager: Shutting down and abandoning module DeviceManager (122)
[2014.09.16-04.13.31:507][909]LogModuleManager: Shutting down and abandoning module AutomationController (121)
[2014.09.16-04.13.31:507][909]LogModuleManager: Shutting down and abandoning module AutomationWindow (120)
[2014.09.16-04.13.31:507][909]LogModuleManager: Shutting down and abandoning module Layers (119)
[2014.09.16-04.13.31:507][909]LogModuleManager: Shutting down and abandoning module ComponentVisualizers (118)
[2014.09.16-04.13.31:507][909]LogModuleManager: Shutting down and abandoning module DetailCustomizations (117)
[2014.09.16-04.13.31:507][909]LogModuleManager: Shutting down and abandoning module PackagesDialog (116)
[2014.09.16-04.13.31:507][909]LogModuleManager: Shutting down and abandoning module DirectoryWatcher (115)
[2014.09.16-04.13.31:507][909]LogModuleManager: Shutting down and abandoning module AssetRegistry (114)
[2014.09.16-04.13.31:572][909]LogModuleManager: Shutting down and abandoning module Persona (113)
[2014.09.16-04.13.31:572][909]LogModuleManager: Shutting down and abandoning module GraphEditor (112)
[2014.09.16-04.13.31:572][909]LogModuleManager: Shutting down and abandoning module ClassViewer (111)
[2014.09.16-04.13.31:572][909]LogModuleManager: Shutting down and abandoning module Toolbox (110)
[2014.09.16-04.13.31:572][909]LogModuleManager: Shutting down and abandoning module ModuleUI (109)
[2014.09.16-04.13.31:572][909]LogModuleManager: Shutting down and abandoning module Sequencer (108)
[2014.09.16-04.13.31:572][909]LogModuleManager: Shutting down and abandoning module MovieSceneTools (107)
[2014.09.16-04.13.31:572][909]LogModuleManager: Shutting down and abandoning module OutputLog (106)
[2014.09.16-04.13.31:572][909]LogModuleManager: Shutting down and abandoning module GammaUI (105)
[2014.09.16-04.13.31:572][909]LogModuleManager: Shutting down and abandoning module Documentation (104)
[2014.09.16-04.13.31:572][909]LogModuleManager: Shutting down and abandoning module GameLiveStreaming (103)
[2014.09.16-04.13.31:572][909]LogModuleManager: Shutting down and abandoning module StreamingPauseRendering (102)
[2014.09.16-04.13.31:572][909]LogModuleManager: Shutting down and abandoning module AnalyticsET (101)
[2014.09.16-04.13.31:572][909]LogModuleManager: Shutting down and abandoning module Analytics (100)
[2014.09.16-04.13.31:572][909]LogModuleManager: Shutting down and abandoning module GameplayDebugger (99)
[2014.09.16-04.13.31:572][909]LogModuleManager: Shutting down and abandoning module AIModule (98)
[2014.09.16-04.13.31:572][909]LogModuleManager: Shutting down and abandoning module ProfilerService (97)
[2014.09.16-04.13.31:644][909]LogModuleManager: Shutting down and abandoning module TaskGraph (96)
[2014.09.16-04.13.31:644][909]LogModuleManager: Shutting down and abandoning module SlateRemote (95)
[2014.09.16-04.13.31:655][909]LogModuleManager: Shutting down and abandoning module ScriptEditorPlugin (94)
[2014.09.16-04.13.31:655][909]LogModuleManager: Shutting down and abandoning module CustomMeshComponent (93)
[2014.09.16-04.13.31:655][909]LogModuleManager: Shutting down and abandoning module CableComponent (92)
[2014.09.16-04.13.31:655][909]LogModuleManager: Shutting down and abandoning module MessagingDebugger (91)
[2014.09.16-04.13.31:655][909]LogModuleManager: Shutting down and abandoning module ViewportSnapping (90)
[2014.09.16-04.13.31:655][909]LogModuleManager: Shutting down and abandoning module SmartSnapping (89)
[2014.09.16-04.13.31:655][909]LogModuleManager: Shutting down and abandoning module PaperTiledImporter (88)
[2014.09.16-04.13.31:655][909]LogModuleManager: Shutting down and abandoning module PaperJsonImporter (87)
[2014.09.16-04.13.31:655][909]LogModuleManager: Shutting down and abandoning module GameProjectGeneration (86)
[2014.09.16-04.13.31:655][909]LogModuleManager: Shutting down and abandoning module Matinee (85)
[2014.09.16-04.13.31:655][909]LogModuleManager: Shutting down and abandoning module Kismet (84)
[2014.09.16-04.13.31:655][909]LogModuleManager: Shutting down and abandoning module SlateReflector (83)
[2014.09.16-04.13.31:655][909]LogModuleManager: Shutting down and abandoning module LevelEditor (82)
[2014.09.16-04.13.31:656][909]LogModuleManager: Shutting down and abandoning module IntroTutorials (81)
[2014.09.16-04.13.31:656][909]LogModuleManager: Shutting down and abandoning module ContentBrowser (80)
[2014.09.16-04.13.31:656][909]LogModuleManager: Shutting down and abandoning module PropertyEditor (79)
[2014.09.16-04.13.31:656][909]LogModuleManager: Shutting down and abandoning module AssetTools (78)
[2014.09.16-04.13.31:656][909]LogModuleManager: Shutting down and abandoning module Paper2DEditor (77)
[2014.09.16-04.13.31:656][909]LogModuleManager: Shutting down and abandoning module SpeedTreeImporter (76)
[2014.09.16-04.13.31:656][909]LogModuleManager: Shutting down and abandoning module PluginsEditor (75)
[2014.09.16-04.13.31:656][909]LogModuleManager: Shutting down and abandoning module MainFrame (74)
[2014.09.16-04.13.31:656][909]LogModuleManager: Shutting down and abandoning module EpicSurvey (73)
[2014.09.16-04.13.31:656][909]LogModuleManager: Shutting down and abandoning module VisualStudioSourceCodeAccess (72)
[2014.09.16-04.13.31:656][909]LogModuleManager: Shutting down and abandoning module UObjectPlugin (71)
[2014.09.16-04.13.31:656][909]LogModuleManager: Shutting down and abandoning module SubversionSourceControl (70)
[2014.09.16-04.13.31:656][909]LogModuleManager: Shutting down and abandoning module SourceControl (69)
[2014.09.16-04.13.31:656][909]LogModuleManager: Shutting down and abandoning module PerforceSourceControl (68)
[2014.09.16-04.13.31:656][909]LogModuleManager: Shutting down and abandoning module BlankPlugin (67)
[2014.09.16-04.13.31:656][909]LogModuleManager: Shutting down and abandoning module ScriptPlugin (66)
[2014.09.16-04.13.31:656][909]LogModuleManager: Shutting down and abandoning module UdpMessaging (65)
[2014.09.16-04.13.31:757][909]LogModuleManager: Shutting down and abandoning module Paper2D (64)
[2014.09.16-04.13.31:757][909]LogModuleManager: Shutting down and abandoning module WindowsMoviePlayer (63)
[2014.09.16-04.13.31:760][909]LogModuleManager: Shutting down and abandoning module ImageWrapper (62)
[2014.09.16-04.13.31:760][909]LogModuleManager: Shutting down and abandoning module OnlineBlueprintSupport (61)
[2014.09.16-04.13.31:760][909]LogModuleManager: Shutting down and abandoning module FunctionalTesting (60)
[2014.09.16-04.13.31:760][909]LogModuleManager: Shutting down and abandoning module CollisionAnalyzer (59)
[2014.09.16-04.13.31:760][909]LogModuleManager: Shutting down and abandoning module WorkspaceMenuStructure (58)
[2014.09.16-04.13.31:760][909]LogModuleManager: Shutting down and abandoning module MessageLog (57)
[2014.09.16-04.13.31:760][909]LogModuleManager: Shutting down and abandoning module UMGEditor (56)
[2014.09.16-04.13.31:760][909]LogModuleManager: Shutting down and abandoning module UMG (55)
[2014.09.16-04.13.31:760][909]LogModuleManager: Shutting down and abandoning module Slate (54)
[2014.09.16-04.13.31:760][909]LogModuleManager: Shutting down and abandoning module EditorStyle (53)
[2014.09.16-04.13.31:761][909]LogModuleManager: Shutting down and abandoning module SessionServices (52)
[2014.09.16-04.13.31:761][909]LogModuleManager: Shutting down and abandoning module SourceCodeAccess (51)
[2014.09.16-04.13.31:761][909]LogModuleManager: Shutting down and abandoning module HeadMountedDisplay (50)
[2014.09.16-04.13.31:761][909]LogModuleManager: Shutting down and abandoning module XAudio2 (49)
[2014.09.16-04.13.31:761][909]LogModuleManager: Shutting down and abandoning module Networking (47)
[2014.09.16-04.13.31:761][909]LogModuleManager: Shutting down and abandoning module Core (46)
[2014.09.16-04.13.31:761][909]LogModuleManager: Shutting down and abandoning module KismetCompiler (45)
[2014.09.16-04.13.31:761][909]LogModuleManager: Shutting down and abandoning module PhysXFormats (44)
[2014.09.16-04.13.31:761][909]LogModuleManager: Shutting down and abandoning module MeshUtilities (43)
[2014.09.16-04.13.31:761][909]LogModuleManager: Shutting down and abandoning module DerivedDataCache (42)
[2014.09.16-04.13.31:845][909]LogDerivedDataCache: Shutdown
[2014.09.16-04.13.31:845][909]LogModuleManager: Shutting down and abandoning module ShaderFormatOpenGL (41)
[2014.09.16-04.13.31:845][909]LogModuleManager: Shutting down and abandoning module ShaderFormatD3D (40)
[2014.09.16-04.13.31:845][909]LogModuleManager: Shutting down and abandoning module MetalShaderFormat (39)
[2014.09.16-04.13.31:845][909]LogModuleManager: Shutting down and abandoning module TextureFormatUncompressed (38)
[2014.09.16-04.13.31:845][909]LogModuleManager: Shutting down and abandoning module TextureFormatPVR (37)
[2014.09.16-04.13.31:845][909]LogModuleManager: Shutting down and abandoning module TextureFormatDXT (36)
[2014.09.16-04.13.31:845][909]LogModuleManager: Shutting down and abandoning module TextureFormatAndroid (35)
[2014.09.16-04.13.31:845][909]LogModuleManager: Shutting down and abandoning module AudioFormatOpus (34)
[2014.09.16-04.13.31:845][909]LogModuleManager: Shutting down and abandoning module AudioFormatOgg (33)
[2014.09.16-04.13.31:845][909]LogModuleManager: Shutting down and abandoning module AudioFormatADPCM (32)
[2014.09.16-04.13.31:845][909]LogModuleManager: Shutting down and abandoning module Messaging (31)
[2014.09.16-04.13.31:845][909]LogModuleManager: Shutting down and abandoning module IOSTargetPlatform (30)
[2014.09.16-04.13.31:845][909]LogModuleManager: Shutting down and abandoning module Android_PVRTCTargetPlatform (29)
[2014.09.16-04.13.31:845][909]LogModuleManager: Shutting down and abandoning module Android_ETC2TargetPlatform (28)
[2014.09.16-04.13.31:845][909]LogModuleManager: Shutting down and abandoning module Android_ETC1TargetPlatform (27)
[2014.09.16-04.13.31:845][909]LogModuleManager: Shutting down and abandoning module Android_DXTTargetPlatform (26)
[2014.09.16-04.13.31:845][909]LogModuleManager: Shutting down and abandoning module Android_ATCTargetPlatform (25)
[2014.09.16-04.13.31:845][909]LogModuleManager: Shutting down and abandoning module AndroidTargetPlatform (24)
[2014.09.16-04.13.31:845][909]LogModuleManager: Shutting down and abandoning module WindowsTargetPlatform (23)
[2014.09.16-04.13.31:845][909]LogModuleManager: Shutting down and abandoning module WindowsServerTargetPlatform (22)
[2014.09.16-04.13.31:845][909]LogModuleManager: Shutting down and abandoning module WindowsNoEditorTargetPlatform (21)
[2014.09.16-04.13.31:845][909]LogModuleManager: Shutting down and abandoning module WindowsClientTargetPlatform (20)
[2014.09.16-04.13.31:845][909]LogModuleManager: Shutting down and abandoning module TargetPlatform (19)
[2014.09.16-04.13.31:845][909]LogModuleManager: Shutting down and abandoning module InputCore (18)
[2014.09.16-04.13.31:845][909]LogModuleManager: Shutting down and abandoning module Settings (17)
[2014.09.16-04.13.31:845][909]LogModuleManager: Shutting down and abandoning module ExampleDeviceProfileSelector (14)
[2014.09.16-04.13.31:845][909]LogModuleManager: Shutting down and abandoning module OculusRift (13)
[2014.09.16-04.13.31:845][909]LogModuleManager: Shutting down and abandoning module TextureCompressor (12)
[2014.09.16-04.13.31:845][909]LogModuleManager: Shutting down and abandoning module ShaderCore (11)
[2014.09.16-04.13.31:845][909]LogModuleManager: Shutting down and abandoning module OpenGLDrv (10)
[2014.09.16-04.13.31:845][909]LogModuleManager: Shutting down and abandoning module D3D11RHI (9)
[2014.09.16-04.13.31:845][909]LogModuleManager: Shutting down and abandoning module SlateRHIRenderer (8)
[2014.09.16-04.13.31:845][909]LogModuleManager: Shutting down and abandoning module Renderer (7)
[2014.09.16-04.13.31:845][909]LogModuleManager: Shutting down and abandoning module Engine (6)
[2014.09.16-04.13.31:845][909]LogModuleManager: Shutting down and abandoning module CoreUObject (5)
[2014.09.16-04.13.31:845][909]LogModuleManager: Shutting down and abandoning module NetworkFile (4)
[2014.09.16-04.13.31:845][909]LogModuleManager: Shutting down and abandoning module StreamingFile (3)
[2014.09.16-04.13.31:845][909]LogModuleManager: Shutting down and abandoning module SandboxFile (2)
[2014.09.16-04.13.31:845][909]LogModuleManager: Shutting down and abandoning module PakFile (1)
[2014.09.16-04.13.31:846][909]LogExit: Exiting.
[2014.09.16-04.13.31:848][909]Log file closed, 09/16/14 12:13:31
